TN:
SF:lib/bedrock/client.ts
FN:20,getBedrockClient
FN:30,removeBackgroundWithNovaCanvas
FN:175,analyzeImageForBackgroundRemoval
FN:266,getBackgroundRemovalGuidance
FN:422,generateBilingualProductDescription
FN:456,(anonymous_7)
FN:480,resetClient
FNF:7
FNH:0
FNDA:0,getBedrockClient
FNDA:0,removeBackgroundWithNovaCanvas
FNDA:0,analyzeImageForBackgroundRemoval
FNDA:0,getBackgroundRemovalGuidance
FNDA:0,generateBilingualProductDescription
FNDA:0,(anonymous_7)
FNDA:0,resetClient
DA:8,0
DA:15,0
DA:20,0
DA:21,0
DA:22,0
DA:24,0
DA:30,0
DA:35,0
DA:37,0
DA:50,0
DA:57,0
DA:58,0
DA:61,0
DA:62,0
DA:65,0
DA:76,0
DA:87,0
DA:89,0
DA:107,0
DA:111,0
DA:131,0
DA:138,0
DA:139,0
DA:140,0
DA:143,0
DA:146,0
DA:147,0
DA:148,0
DA:149,0
DA:158,0
DA:162,0
DA:175,0
DA:180,0
DA:182,0
DA:200,0
DA:224,0
DA:231,0
DA:232,0
DA:235,0
DA:236,0
DA:238,0
DA:239,0
DA:240,0
DA:241,0
DA:248,0
DA:252,0
DA:266,0
DA:275,0
DA:277,0
DA:295,0
DA:319,0
DA:326,0
DA:327,0
DA:329,0
DA:330,0
DA:331,0
DA:332,0
DA:333,0
DA:334,0
DA:341,0
DA:344,0
DA:359,0
DA:364,0
DA:366,0
DA:370,0
DA:379,0
DA:390,0
DA:397,0
DA:398,0
DA:399,0
DA:403,0
DA:407,0
DA:409,0
DA:411,0
DA:422,0
DA:442,0
DA:451,0
DA:457,0
DA:465,0
DA:480,0
DA:481,0
LF:81
LH:0
BRDA:20,0,0,0
BRDA:21,1,0,0
BRDA:33,2,0,0
BRDA:61,3,0,0
BRDA:61,4,0,0
BRDA:61,4,1,0
BRDA:79,5,0,0
BRDA:107,6,0,0
BRDA:107,6,1,0
BRDA:143,7,0,0
BRDA:143,7,1,0
BRDA:143,7,2,0
BRDA:147,8,0,0
BRDA:150,9,0,0
BRDA:150,9,1,0
BRDA:151,10,0,0
BRDA:151,10,1,0
BRDA:152,11,0,0
BRDA:152,11,1,0
BRDA:153,12,0,0
BRDA:153,12,1,0
BRDA:163,13,0,0
BRDA:163,13,1,0
BRDA:178,14,0,0
BRDA:239,15,0,0
BRDA:242,16,0,0
BRDA:242,16,1,0
BRDA:243,17,0,0
BRDA:243,17,1,0
BRDA:244,18,0,0
BRDA:244,18,1,0
BRDA:269,19,0,0
BRDA:332,20,0,0
BRDA:335,21,0,0
BRDA:335,21,1,0
BRDA:336,22,0,0
BRDA:336,22,1,0
BRDA:337,23,0,0
BRDA:337,23,1,0
BRDA:362,24,0,0
BRDA:366,25,0,0
BRDA:366,25,1,0
BRDA:403,26,0,0
BRDA:403,26,1,0
BRDA:403,26,2,0
BRDA:460,27,0,0
BRDA:460,27,1,0
BRF:47
BRH:0
end_of_record
TN:
SF:lib/bedrock/image-processor.ts
FN:45,processImageFromUrl
FN:76,processImageFromBase64
FN:112,createProcessResult
FNF:3
FNH:0
FNDA:0,processImageFromUrl
FNDA:0,processImageFromBase64
FNDA:0,createProcessResult
DA:9,0
DA:10,0
DA:45,0
DA:49,0
DA:55,0
DA:62,0
DA:76,0
DA:82,0
DA:84,0
DA:90,0
DA:97,0
DA:112,0
DA:126,0
LF:13
LH:0
BRDA:47,0,0,0
BRDA:51,1,0,0
BRDA:51,1,1,0
BRDA:52,2,0,0
BRDA:52,2,1,0
BRDA:57,3,0,0
BRDA:57,3,1,0
BRDA:58,4,0,0
BRDA:58,4,1,0
BRDA:79,5,0,0
BRDA:86,6,0,0
BRDA:86,6,1,0
BRDA:87,7,0,0
BRDA:87,7,1,0
BRDA:92,8,0,0
BRDA:92,8,1,0
BRDA:93,9,0,0
BRDA:93,9,1,0
BRDA:117,10,0,0
BRF:19
BRH:0
end_of_record
TN:
SF:lib/carousel-api/client.ts
FN:68,signRequest
FN:82,executeRequest
FN:119,(anonymous_2)
FN:157,(anonymous_3)
FN:178,createProductInCarouselApi
FN:225,batchCreateProducts
FN:249,(anonymous_6)
FNF:7
FNH:0
FNDA:0,signRequest
FNDA:0,executeRequest
FNDA:0,(anonymous_2)
FNDA:0,(anonymous_3)
FNDA:0,createProductInCarouselApi
FNDA:0,batchCreateProducts
FNDA:0,(anonymous_6)
DA:8,0
DA:9,0
DA:10,0
DA:11,0
DA:13,0
DA:14,0
DA:15,0
DA:61,0
DA:62,0
DA:63,0
DA:69,0
DA:76,0
DA:86,0
DA:87,0
DA:90,0
DA:91,0
DA:97,0
DA:103,0
DA:106,0
DA:109,0
DA:111,0
DA:112,0
DA:113,0
DA:119,0
DA:120,0
DA:124,0
DA:129,0
DA:137,0
DA:141,0
DA:144,0
DA:150,0
DA:151,0
DA:152,0
DA:157,0
DA:158,0
DA:161,0
DA:178,0
DA:183,0
DA:190,0
DA:192,0
DA:204,0
DA:206,0
DA:207,0
DA:212,0
DA:225,0
DA:230,0
DA:238,0
DA:240,0
DA:241,0
DA:242,0
DA:248,0
DA:249,0
DA:253,0
LF:53
LH:0
BRDA:13,0,0,0
BRDA:13,0,1,0
BRDA:14,1,0,0
BRDA:14,1,1,0
BRDA:15,2,0,0
BRDA:15,2,1,0
BRDA:84,3,0,0
BRDA:109,4,0,0
BRDA:111,5,0,0
BRDA:111,6,0,0
BRDA:111,6,1,0
BRDA:131,7,0,0
BRDA:131,7,1,0
BRDA:145,8,0,0
BRDA:145,8,1,0
BRDA:150,9,0,0
BRDA:163,10,0,0
BRDA:163,10,1,0
BRDA:187,11,0,0
BRDA:187,11,1,0
BRDA:206,12,0,0
BRDA:248,13,0,0
BRF:22
BRH:0
end_of_record
TN:
SF:lib/clustering/index.ts
FN:9,(anonymous_0)
FN:10,(anonymous_1)
FN:11,(anonymous_2)
FN:12,(anonymous_3)
FNF:4
FNH:0
FNDA:0,(anonymous_0)
FNDA:0,(anonymous_1)
FNDA:0,(anonymous_2)
FNDA:0,(anonymous_3)
DA:8,0
DA:9,0
DA:10,0
DA:11,0
DA:12,0
LF:5
LH:0
BRF:0
BRH:0
end_of_record
TN:
SF:lib/clustering/similarity-service.ts
FN:52,extractFeatures
FN:72,computePerceptualHash
FN:83,(anonymous_3)
FN:86,(anonymous_4)
FN:95,computeColorHistogram
FN:121,(anonymous_6)
FN:122,(anonymous_7)
FN:128,getDominantColor
FN:148,comparePerceptualHashes
FN:161,splitGroupIntoChunks
FN:176,findDuplicates
FN:207,(anonymous_12)
FN:226,kMeansClustering
FN:243,(anonymous_14)
FN:252,(anonymous_15)
FN:262,(anonymous_16)
FN:267,(anonymous_17)
FN:283,(anonymous_18)
FN:291,(anonymous_19)
FN:304,groupByColor
FN:310,(anonymous_21)
FN:313,(anonymous_22)
FN:325,(anonymous_23)
FN:333,(anonymous_24)
FN:334,(anonymous_25)
FN:341,(anonymous_26)
FN:344,(anonymous_27)
FN:363,clusterImages
FN:371,(anonymous_29)
FNF:29
FNH:0
FNDA:0,extractFeatures
FNDA:0,computePerceptualHash
FNDA:0,(anonymous_3)
FNDA:0,(anonymous_4)
FNDA:0,computeColorHistogram
FNDA:0,(anonymous_6)
FNDA:0,(anonymous_7)
FNDA:0,getDominantColor
FNDA:0,comparePerceptualHashes
FNDA:0,splitGroupIntoChunks
FNDA:0,findDuplicates
FNDA:0,(anonymous_12)
FNDA:0,kMeansClustering
FNDA:0,(anonymous_14)
FNDA:0,(anonymous_15)
FNDA:0,(anonymous_16)
FNDA:0,(anonymous_17)
FNDA:0,(anonymous_18)
FNDA:0,(anonymous_19)
FNDA:0,groupByColor
FNDA:0,(anonymous_21)
FNDA:0,(anonymous_22)
FNDA:0,(anonymous_23)
FNDA:0,(anonymous_24)
FNDA:0,(anonymous_25)
FNDA:0,(anonymous_26)
FNDA:0,(anonymous_27)
FNDA:0,clusterImages
FNDA:0,(anonymous_29)
DA:9,0
DA:41,0
DA:52,0
DA:56,0
DA:57,0
DA:58,0
DA:60,0
DA:74,0
DA:80,0
DA:83,0
DA:86,0
DA:88,0
DA:97,0
DA:103,0
DA:106,0
DA:107,0
DA:108,0
DA:109,0
DA:112,0
DA:113,0
DA:114,0
DA:116,0
DA:117,0
DA:121,0
DA:122,0
DA:129,0
DA:132,0
DA:133,0
DA:134,0
DA:137,0
DA:138,0
DA:139,0
DA:141,0
DA:149,0
DA:150,0
DA:151,0
DA:155,0
DA:162,0
DA:163,0
DA:166,0
DA:167,0
DA:168,0
DA:170,0
DA:176,0
DA:181,0
DA:182,0
DA:184,0
DA:185,0
DA:187,0
DA:188,0
DA:190,0
DA:191,0
DA:193,0
DA:198,0
DA:199,0
DA:200,0
DA:204,0
DA:206,0
DA:207,0
DA:208,0
DA:219,0
DA:227,0
DA:230,0
DA:231,0
DA:232,0
DA:233,0
DA:234,0
DA:235,0
DA:236,0
DA:240,0
DA:243,0
DA:244,0
DA:245,0
DA:246,0
DA:248,0
DA:252,0
DA:253,0
DA:254,0
DA:256,0
DA:257,0
DA:258,0
DA:262,0
DA:265,0
DA:267,0
DA:268,0
DA:269,0
DA:271,0
DA:272,0
DA:273,0
DA:274,0
DA:275,0
DA:279,0
DA:283,0
DA:284,0
DA:287,0
DA:290,0
DA:291,0
DA:292,0
DA:293,0
DA:298,0
DA:304,0
DA:309,0
DA:310,0
DA:311,0
DA:313,0
DA:324,0
DA:325,0
DA:330,0
DA:331,0
DA:332,0
DA:333,0
DA:334,0
DA:336,0
DA:338,0
DA:341,0
DA:342,0
DA:344,0
DA:345,0
DA:357,0
DA:363,0
DA:367,0
DA:370,0
DA:371,0
DA:375,0
DA:380,0
DA:384,0
LF:126
LH:0
BRDA:86,0,0,0
BRDA:86,0,1,0
BRDA:151,1,0,0
BRDA:162,2,0,0
BRDA:178,3,0,0
BRDA:179,4,0,0
BRDA:185,5,0,0
BRDA:191,6,0,0
BRDA:198,7,0,0
BRDA:204,8,0,0
BRDA:210,9,0,0
BRDA:210,9,1,0
BRDA:226,10,0,0
BRDA:232,11,0,0
BRDA:232,11,1,0
BRDA:234,12,0,0
BRDA:273,13,0,0
BRDA:283,14,0,0
BRDA:292,15,0,0
BRDA:306,16,0,0
BRDA:307,17,0,0
BRDA:309,18,0,0
BRDA:315,19,0,0
BRDA:315,19,1,0
BRDA:336,20,0,0
BRDA:347,21,0,0
BRDA:347,21,1,0
BRDA:365,22,0,0
BRDA:375,23,0,0
BRDA:375,23,1,0
BRDA:380,24,0,0
BRDA:380,24,1,0
BRF:32
BRH:0
end_of_record
TN:
SF:lib/config/loader.ts
FN:24,getParameter
FN:42,loadConfig
FN:91,loadSecrets
FN:120,loadConfigAndSecrets
FN:135,clearCache
FNF:5
FNH:0
FNDA:0,getParameter
FNDA:0,loadConfig
FNDA:0,loadSecrets
FNDA:0,loadConfigAndSecrets
FNDA:0,clearCache
DA:8,0
DA:11,0
DA:16,0
DA:17,0
DA:18,0
DA:19,0
DA:25,0
DA:26,0
DA:32,0
DA:34,0
DA:35,0
DA:42,0
DA:47,0
DA:48,0
DA:51,0
DA:52,0
DA:54,0
DA:55,0
DA:56,0
DA:57,0
DA:58,0
DA:60,0
DA:65,0
DA:83,0
DA:84,0
DA:85,0
DA:91,0
DA:96,0
DA:97,0
DA:100,0
DA:101,0
DA:103,0
DA:104,0
DA:105,0
DA:106,0
DA:108,0
DA:113,0
DA:114,0
DA:120,0
DA:124,0
DA:129,0
DA:135,0
DA:136,0
DA:137,0
DA:138,0
LF:45
LH:0
BRDA:12,0,0,0
BRDA:12,0,1,0
BRDA:24,1,0,0
BRDA:32,2,0,0
BRDA:32,2,1,0
BRDA:43,3,0,0
BRDA:44,4,0,0
BRDA:44,5,0,0
BRDA:44,5,1,0
BRDA:47,6,0,0
BRDA:47,7,0,0
BRDA:47,7,1,0
BRDA:54,8,0,0
BRDA:92,9,0,0
BRDA:93,10,0,0
BRDA:93,11,0,0
BRDA:93,11,1,0
BRDA:96,12,0,0
BRDA:96,13,0,0
BRDA:96,13,1,0
BRDA:103,14,0,0
BRDA:121,15,0,0
BRDA:122,16,0,0
BRDA:122,17,0,0
BRDA:122,17,1,0
BRF:25
BRH:0
end_of_record
TN:
SF:lib/dynamo/job-store.ts
FN:132,getDynamoDbClient
FN:144,getTableName
FN:152,calculateTTL
FN:160,setJobStatus
FN:197,getJobStatus
FN:224,updateJobStatus
FN:241,(anonymous_6)
FN:272,deleteJob
FN:295,setBatchResult
FN:331,getBatchResult
FN:361,createJobStatus
FN:380,resetClient
FNF:12
FNH:0
FNDA:0,getDynamoDbClient
FNDA:0,getTableName
FNDA:0,calculateTTL
FNDA:0,setJobStatus
FNDA:0,getJobStatus
FNDA:0,updateJobStatus
FNDA:0,(anonymous_6)
FNDA:0,deleteJob
FNDA:0,setBatchResult
FNDA:0,getBatchResult
FNDA:0,createJobStatus
FNDA:0,resetClient
DA:14,0
DA:21,0
DA:130,0
DA:133,0
DA:134,0
DA:138,0
DA:145,0
DA:153,0
DA:160,0
DA:164,0
DA:166,0
DA:173,0
DA:174,0
DA:179,0
DA:185,0
DA:190,0
DA:197,0
DA:198,0
DA:200,0
DA:201,0
DA:206,0
DA:207,0
DA:210,0
DA:212,0
DA:217,0
DA:224,0
DA:228,0
DA:231,0
DA:232,0
DA:233,0
DA:236,0
DA:237,0
DA:238,0
DA:241,0
DA:242,0
DA:243,0
DA:244,0
DA:245,0
DA:249,0
DA:250,0
DA:258,0
DA:260,0
DA:265,0
DA:272,0
DA:273,0
DA:275,0
DA:276,0
DA:281,0
DA:283,0
DA:288,0
DA:295,0
DA:296,0
DA:298,0
DA:306,0
DA:307,0
DA:312,0
DA:319,0
DA:324,0
DA:331,0
DA:332,0
DA:334,0
DA:335,0
DA:340,0
DA:341,0
DA:344,0
DA:346,0
DA:347,0
DA:349,0
DA:354,0
DA:361,0
DA:366,0
DA:367,0
DA:380,0
DA:381,0
LF:74
LH:0
BRDA:133,0,0,0
BRDA:135,1,0,0
BRDA:135,1,1,0
BRDA:145,2,0,0
BRDA:145,2,1,0
BRDA:146,3,0,0
BRDA:146,3,1,0
BRDA:169,4,0,0
BRDA:169,4,1,0
BRDA:181,5,0,0
BRDA:181,5,1,0
BRDA:187,6,0,0
BRDA:187,6,1,0
BRDA:206,7,0,0
BRDA:214,8,0,0
BRDA:214,8,1,0
BRDA:242,9,0,0
BRDA:242,10,0,0
BRDA:242,10,1,0
BRDA:262,11,0,0
BRDA:262,11,1,0
BRDA:285,12,0,0
BRDA:285,12,1,0
BRDA:302,13,0,0
BRDA:302,13,1,0
BRDA:321,14,0,0
BRDA:321,14,1,0
BRDA:340,15,0,0
BRDA:351,16,0,0
BRDA:351,16,1,0
BRDA:363,17,0,0
BRF:31
BRH:0
end_of_record
TN:
SF:lib/image-optimizer/client.ts
FN:63,getImageOptimizerEndpoint
FN:74,optimizeImage
FN:128,processImageBuffer
FN:149,resizeImage
FN:169,convertImageFormat
FN:187,getImageMetadata
FNF:6
FNH:0
FNDA:0,getImageOptimizerEndpoint
FNDA:0,optimizeImage
FNDA:0,processImageBuffer
FNDA:0,resizeImage
FNDA:0,convertImageFormat
FNDA:0,getImageMetadata
DA:64,0
DA:65,0
DA:68,0
DA:74,0
DA:77,0
DA:78,0
DA:80,0
DA:88,0
DA:89,0
DA:97,0
DA:98,0
DA:99,0
DA:104,0
DA:106,0
DA:113,0
DA:115,0
DA:119,0
DA:128,0
DA:131,0
DA:133,0
DA:140,0
DA:149,0
DA:158,0
DA:169,0
DA:174,0
DA:187,0
DA:188,0
DA:194,0
LF:28
LH:0
BRDA:64,0,0,0
BRDA:64,0,1,0
BRDA:65,1,0,0
BRDA:65,1,1,0
BRDA:84,2,0,0
BRDA:84,2,1,0
BRDA:85,3,0,0
BRDA:85,3,1,0
BRDA:97,4,0,0
BRDA:116,5,0,0
BRDA:116,5,1,0
BRDA:135,6,0,0
BRDA:135,6,1,0
BRDA:136,7,0,0
BRDA:136,7,1,0
BRDA:160,8,0,0
BRDA:160,8,1,0
BRDA:161,9,0,0
BRDA:161,9,1,0
BRDA:177,10,0,0
BRDA:177,10,1,0
BRF:21
BRH:0
end_of_record
TN:
SF:lib/s3/client.ts
FN:22,getS3Client
FN:33,getCdnDomain
FN:47,uploadProcessedImage
FN:117,downloadImage
FN:151,objectExists
FN:173,generateUploadUrl
FN:193,generateDownloadUrl
FN:211,generateOutputKey
FN:238,getOutputBucket
FN:265,resetClient
FNF:10
FNH:0
FNDA:0,getS3Client
FNDA:0,getCdnDomain
FNDA:0,uploadProcessedImage
FNDA:0,downloadImage
FNDA:0,objectExists
FNDA:0,generateUploadUrl
FNDA:0,generateDownloadUrl
FNDA:0,generateOutputKey
FNDA:0,getOutputBucket
FNDA:0,resetClient
DA:7,0
DA:13,0
DA:14,0
DA:17,0
DA:22,0
DA:23,0
DA:24,0
DA:26,0
DA:35,0
DA:36,0
DA:37,0
DA:41,0
DA:47,0
DA:54,0
DA:55,0
DA:56,0
DA:58,0
DA:67,0
DA:68,0
DA:84,0
DA:86,0
DA:94,0
DA:95,0
DA:97,0
DA:99,0
DA:108,0
DA:117,0
DA:121,0
DA:123,0
DA:130,0
DA:131,0
DA:135,0
DA:136,0
DA:137,0
DA:138,0
DA:140,0
DA:142,0
DA:151,0
DA:152,0
DA:154,0
DA:155,0
DA:161,0
DA:163,0
DA:164,0
DA:166,0
DA:173,0
DA:179,0
DA:181,0
DA:187,0
DA:193,0
DA:198,0
DA:200,0
DA:205,0
DA:211,0
DA:216,0
DA:217,0
DA:219,0
DA:220,0
DA:223,0
DA:238,0
DA:240,0
DA:241,0
DA:245,0
DA:246,0
DA:247,0
DA:248,0
DA:251,0
DA:257,0
DA:258,0
DA:259,0
DA:265,0
DA:266,0
LF:72
LH:0
BRDA:22,0,0,0
BRDA:23,1,0,0
BRDA:35,2,0,0
BRDA:35,2,1,0
BRDA:36,3,0,0
BRDA:51,4,0,0
BRDA:52,5,0,0
BRDA:54,6,0,0
BRDA:54,6,1,0
BRDA:102,7,0,0
BRDA:102,7,1,0
BRDA:103,8,0,0
BRDA:103,8,1,0
BRDA:109,9,0,0
BRDA:109,9,1,0
BRDA:130,10,0,0
BRDA:144,11,0,0
BRDA:144,11,1,0
BRDA:163,12,0,0
BRDA:163,13,0,0
BRDA:163,13,1,0
BRDA:176,14,0,0
BRDA:177,15,0,0
BRDA:196,16,0,0
BRDA:214,17,0,0
BRDA:219,18,0,0
BRDA:240,19,0,0
BRDA:246,20,0,0
BRDA:246,20,1,0
BRDA:246,21,0,0
BRDA:246,21,1,0
BRDA:247,22,0,0
BRDA:252,23,0,0
BRDA:252,23,1,0
BRDA:257,24,0,0
BRDA:257,24,1,0
BRDA:257,24,2,0
BRDA:258,25,0,0
BRDA:258,25,1,0
BRDA:258,25,2,0
BRF:40
BRH:0
end_of_record
TN:
SF:lib/tenant/resolver.ts
FN:18,resolveTenantFromRequest
FN:46,extractTenantFromDomain
FN:78,loadTenantConfig
FNF:3
FNH:0
FNDA:0,resolveTenantFromRequest
FNDA:0,extractTenantFromDomain
FNDA:0,loadTenantConfig
DA:1,0
DA:4,0
DA:5,0
DA:6,0
DA:8,0
DA:18,0
DA:20,0
DA:21,0
DA:22,0
DA:26,0
DA:27,0
DA:28,0
DA:29,0
DA:33,0
DA:47,0
DA:48,0
DA:53,0
DA:54,0
DA:55,0
DA:60,0
DA:61,0
DA:62,0
DA:66,0
DA:67,0
DA:68,0
DA:71,0
DA:78,0
DA:79,0
DA:82,0
DA:83,0
DA:84,0
DA:87,0
DA:89,0
DA:96,0
DA:97,0
DA:98,0
DA:99,0
DA:102,0
DA:103,0
DA:110,0
DA:111,0
DA:112,0
DA:113,0
DA:115,0
DA:117,0
LF:45
LH:0
BRDA:21,0,0,0
BRDA:26,1,0,0
BRDA:26,1,1,0
BRDA:28,2,0,0
BRDA:47,3,0,0
BRDA:47,4,0,0
BRDA:47,4,1,0
BRDA:47,4,2,0
BRDA:54,5,0,0
BRDA:61,6,0,0
BRDA:67,7,0,0
BRDA:83,8,0,0
BRDA:83,9,0,0
BRDA:83,9,1,0
BRDA:96,10,0,0
BRDA:96,10,1,0
BRDA:110,11,0,0
BRDA:110,11,1,0
BRF:18
BRH:0
end_of_record
TN:
SF:lib/types/index.ts
FN:29,(anonymous_0)
FN:42,(anonymous_1)
FNF:2
FNH:0
FNDA:0,(anonymous_0)
FNDA:0,(anonymous_1)
DA:5,0
DA:8,0
DA:29,0
DA:36,0
DA:42,0
LF:5
LH:0
BRDA:29,0,0,0
BRDA:29,0,1,0
BRDA:42,1,0,0
BRDA:42,1,1,0
BRF:4
BRH:0
end_of_record
TN:
SF:src/handler.ts
FN:73,(anonymous_9)
FN:88,(anonymous_10)
FN:111,(anonymous_11)
FN:125,(anonymous_12)
FN:158,(anonymous_13)
FN:183,(anonymous_14)
FN:621,(anonymous_15)
FN:796,(anonymous_16)
FN:809,(anonymous_17)
FN:832,(anonymous_18)
FNF:10
FNH:0
FNDA:0,(anonymous_9)
FNDA:0,(anonymous_10)
FNDA:0,(anonymous_11)
FNDA:0,(anonymous_12)
FNDA:0,(anonymous_13)
FNDA:0,(anonymous_14)
FNDA:0,(anonymous_15)
FNDA:0,(anonymous_16)
FNDA:0,(anonymous_17)
FNDA:0,(anonymous_18)
DA:4,0
DA:5,0
DA:7,0
DA:17,0
DA:18,0
DA:19,0
DA:20,0
DA:25,0
DA:26,0
DA:27,0
DA:28,0
DA:29,0
DA:36,0
DA:46,0
DA:71,0
DA:73,0
DA:74,0
DA:80,0
DA:81,0
DA:82,0
DA:88,0
DA:90,0
DA:91,0
DA:92,0
DA:95,0
DA:98,0
DA:99,0
DA:100,0
DA:102,0
DA:110,0
DA:111,0
DA:113,0
DA:114,0
DA:116,0
DA:124,0
DA:125,0
DA:126,0
DA:127,0
DA:129,0
DA:136,0
DA:137,0
DA:139,0
DA:150,0
DA:158,0
DA:159,0
DA:161,0
DA:162,0
DA:165,0
DA:174,0
DA:176,0
DA:183,0
DA:184,0
DA:185,0
DA:187,0
DA:194,0
DA:195,0
DA:202,0
DA:203,0
DA:208,0
DA:209,0
DA:211,0
DA:215,0
DA:216,0
DA:223,0
DA:229,0
DA:233,0
DA:236,0
DA:237,0
DA:244,0
DA:253,0
DA:254,0
DA:257,0
DA:261,0
DA:263,0
DA:267,0
DA:268,0
DA:270,0
DA:274,0
DA:282,0
DA:283,0
DA:284,0
DA:289,0
DA:297,0
DA:315,0
DA:317,0
DA:331,0
DA:332,0
DA:334,0
DA:335,0
DA:343,0
DA:351,0
DA:352,0
DA:361,0
DA:370,0
DA:371,0
DA:373,0
DA:382,0
DA:383,0
DA:394,0
DA:410,0
DA:421,0
DA:422,0
DA:423,0
DA:424,0
DA:426,0
DA:436,0
DA:439,0
DA:440,0
DA:442,0
DA:444,0
DA:455,0
DA:456,0
DA:457,0
DA:469,0
DA:478,0
DA:479,0
DA:481,0
DA:493,0
DA:494,0
DA:496,0
DA:509,0
DA:517,0
DA:518,0
DA:524,0
DA:533,0
DA:535,0
DA:547,0
DA:549,0
DA:558,0
DA:559,0
DA:567,0
DA:568,0
DA:576,0
DA:577,0
DA:586,0
DA:599,0
DA:611,0
DA:612,0
DA:621,0
DA:622,0
DA:625,0
DA:626,0
DA:627,0
DA:628,0
DA:631,0
DA:632,0
DA:636,0
DA:637,0
DA:639,0
DA:643,0
DA:644,0
DA:651,0
DA:657,0
DA:661,0
DA:665,0
DA:666,0
DA:673,0
DA:674,0
DA:675,0
DA:676,0
DA:677,0
DA:685,0
DA:686,0
DA:687,0
DA:695,0
DA:697,0
DA:698,0
DA:706,0
DA:716,0
DA:722,0
DA:726,0
DA:727,0
DA:728,0
DA:729,0
DA:730,0
DA:738,0
DA:739,0
DA:740,0
DA:748,0
DA:750,0
DA:751,0
DA:754,0
DA:755,0
DA:764,0
DA:772,0
DA:778,0
DA:784,0
DA:788,0
DA:796,0
DA:797,0
DA:799,0
DA:805,0
DA:806,0
DA:809,0
DA:810,0
DA:812,0
DA:819,0
DA:820,0
DA:829,0
DA:832,0
DA:833,0
DA:835,0
DA:842,0
DA:846,0
DA:847,0
DA:854,0
DA:860,0
DA:864,0
DA:867,0
DA:868,0
DA:877,0
DA:878,0
DA:881,0
DA:907,0
DA:908,0
DA:909,0
DA:914,0
DA:915,0
DA:919,0
DA:921,0
DA:923,0
DA:924,0
DA:925,0
DA:928,0
DA:934,0
DA:939,0
DA:940,0
DA:941,0
DA:942,0
DA:945,0
DA:946,0
DA:955,0
DA:956,0
DA:957,0
DA:959,0
DA:960,0
DA:962,0
DA:963,0
DA:965,0
DA:966,0
DA:968,0
DA:969,0
DA:973,0
DA:974,0
DA:975,0
DA:976,0
DA:978,0
DA:979,0
DA:981,0
DA:982,0
DA:984,0
DA:985,0
DA:987,0
DA:988,0
DA:990,0
DA:991,0
DA:992,0
DA:993,0
DA:994,0
DA:995,0
DA:999,0
DA:1000,0
DA:1001,0
DA:1006,0
DA:1007,0
DA:1016,0
DA:1024,0
DA:1026,0
DA:1028,0
DA:1034,0
DA:1040,0
DA:1044,0
LF:272
LH:0
BRDA:80,0,0,0
BRDA:80,0,1,0
BRDA:81,1,0,0
BRDA:81,1,1,0
BRDA:88,2,0,0
BRDA:88,2,1,0
BRDA:90,3,0,0
BRDA:105,4,0,0
BRDA:105,4,1,0
BRDA:113,5,0,0
BRDA:113,5,1,0
BRDA:126,6,0,0
BRDA:126,6,1,0
BRDA:132,7,0,0
BRDA:132,7,1,0
BRDA:142,8,0,0
BRDA:142,8,1,0
BRDA:145,9,0,0
BRDA:145,9,1,0
BRDA:146,10,0,0
BRDA:146,10,1,0
BRDA:153,11,0,0
BRDA:153,11,1,0
BRDA:161,12,0,0
BRDA:162,13,0,0
BRDA:162,13,1,0
BRDA:168,14,0,0
BRDA:168,14,1,0
BRDA:174,15,0,0
BRDA:174,15,1,0
BRDA:174,16,0,0
BRDA:174,16,1,0
BRDA:185,17,0,0
BRDA:185,17,1,0
BRDA:194,18,0,0
BRDA:202,19,0,0
BRDA:208,20,0,0
BRDA:208,20,1,0
BRDA:209,21,0,0
BRDA:209,21,1,0
BRDA:215,22,0,0
BRDA:215,23,0,0
BRDA:215,23,1,0
BRDA:236,24,0,0
BRDA:236,24,1,0
BRDA:236,25,0,0
BRDA:236,25,1,0
BRDA:268,26,0,0
BRDA:268,26,1,0
BRDA:271,27,0,0
BRDA:271,27,1,0
BRDA:283,28,0,0
BRDA:291,29,0,0
BRDA:291,29,1,0
BRDA:312,30,0,0
BRDA:313,31,0,0
BRDA:314,32,0,0
BRDA:331,33,0,0
BRDA:331,33,1,0
BRDA:332,34,0,0
BRDA:332,34,1,0
BRDA:334,35,0,0
BRDA:334,35,1,0
BRDA:334,36,0,0
BRDA:334,36,1,0
BRDA:334,36,2,0
BRDA:351,37,0,0
BRDA:363,38,0,0
BRDA:363,38,1,0
BRDA:382,39,0,0
BRDA:416,40,0,0
BRDA:416,40,1,0
BRDA:416,41,0,0
BRDA:416,41,1,0
BRDA:421,42,0,0
BRDA:421,42,1,0
BRDA:423,43,0,0
BRDA:423,43,1,0
BRDA:436,44,0,0
BRDA:436,44,1,0
BRDA:437,45,0,0
BRDA:437,45,1,0
BRDA:459,46,0,0
BRDA:459,46,1,0
BRDA:459,47,0,0
BRDA:459,47,1,0
BRDA:484,48,0,0
BRDA:484,48,1,0
BRDA:493,49,0,0
BRDA:496,50,0,0
BRDA:496,50,1,0
BRDA:497,51,0,0
BRDA:497,51,1,0
BRDA:498,52,0,0
BRDA:498,52,1,0
BRDA:500,53,0,0
BRDA:500,53,1,0
BRDA:503,54,0,0
BRDA:503,54,1,0
BRDA:517,55,0,0
BRDA:517,56,0,0
BRDA:517,56,1,0
BRDA:526,57,0,0
BRDA:526,57,1,0
BRDA:558,58,0,0
BRDA:558,59,0,0
BRDA:558,59,1,0
BRDA:558,59,2,0
BRDA:576,60,0,0
BRDA:576,60,1,0
BRDA:625,61,0,0
BRDA:625,61,1,0
BRDA:627,62,0,0
BRDA:627,63,0,0
BRDA:627,63,1,0
BRDA:632,64,0,0
BRDA:632,64,1,0
BRDA:636,65,0,0
BRDA:636,65,1,0
BRDA:637,66,0,0
BRDA:637,66,1,0
BRDA:643,67,0,0
BRDA:643,68,0,0
BRDA:643,68,1,0
BRDA:665,69,0,0
BRDA:673,70,0,0
BRDA:676,71,0,0
BRDA:679,72,0,0
BRDA:679,72,1,0
BRDA:686,73,0,0
BRDA:689,74,0,0
BRDA:689,74,1,0
BRDA:697,75,0,0
BRDA:718,76,0,0
BRDA:718,76,1,0
BRDA:726,77,0,0
BRDA:729,78,0,0
BRDA:732,79,0,0
BRDA:732,79,1,0
BRDA:739,80,0,0
BRDA:742,81,0,0
BRDA:742,81,1,0
BRDA:750,82,0,0
BRDA:754,83,0,0
BRDA:754,84,0,0
BRDA:754,84,1,0
BRDA:780,85,0,0
BRDA:780,85,1,0
BRDA:805,86,0,0
BRDA:805,86,1,0
BRDA:806,87,0,0
BRDA:806,87,1,0
BRDA:819,88,0,0
BRDA:829,89,0,0
BRDA:829,89,1,0
BRDA:846,90,0,0
BRDA:846,91,0,0
BRDA:846,91,1,0
BRDA:867,92,0,0
BRDA:867,93,0,0
BRDA:867,93,1,0
BRDA:877,94,0,0
BRDA:877,94,1,0
BRDA:907,95,0,0
BRDA:915,96,0,0
BRDA:915,96,1,0
BRDA:923,97,0,0
BRDA:939,98,0,0
BRDA:941,99,0,0
BRDA:941,99,1,0
BRDA:945,100,0,0
BRDA:945,101,0,0
BRDA:945,101,1,0
BRDA:956,102,0,0
BRDA:956,103,0,0
BRDA:956,103,1,0
BRDA:959,104,0,0
BRDA:959,105,0,0
BRDA:959,105,1,0
BRDA:962,106,0,0
BRDA:962,107,0,0
BRDA:962,107,1,0
BRDA:962,107,2,0
BRDA:962,107,3,0
BRDA:965,108,0,0
BRDA:965,109,0,0
BRDA:965,109,1,0
BRDA:965,109,2,0
BRDA:965,109,3,0
BRDA:968,110,0,0
BRDA:968,111,0,0
BRDA:968,111,1,0
BRDA:968,111,2,0
BRDA:973,112,0,0
BRDA:975,113,0,0
BRDA:975,114,0,0
BRDA:975,114,1,0
BRDA:978,115,0,0
BRDA:978,116,0,0
BRDA:978,116,1,0
BRDA:978,116,2,0
BRDA:978,116,3,0
BRDA:981,117,0,0
BRDA:981,118,0,0
BRDA:981,118,1,0
BRDA:981,118,2,0
BRDA:984,119,0,0
BRDA:984,120,0,0
BRDA:984,120,1,0
BRDA:984,120,2,0
BRDA:987,121,0,0
BRDA:987,122,0,0
BRDA:987,122,1,0
BRDA:990,123,0,0
BRDA:994,124,0,0
BRDA:994,125,0,0
BRDA:994,125,1,0
BRDA:994,125,2,0
BRDA:994,125,3,0
BRDA:999,126,0,0
BRDA:999,126,1,0
BRDA:999,127,0,0
BRDA:999,127,1,0
BRDA:999,128,0,0
BRDA:999,128,1,0
BRDA:999,129,0,0
BRDA:999,129,1,0
BRDA:999,130,0,0
BRDA:999,130,1,0
BRDA:1000,131,0,0
BRDA:1006,132,0,0
BRF:231
BRH:0
end_of_record
TN:
SF:src/handlers/base-handler.ts
FN:12,(anonymous_0)
FN:29,(anonymous_1)
FN:49,(anonymous_2)
FN:58,(anonymous_3)
FN:74,(anonymous_4)
FN:88,(anonymous_5)
FN:93,(anonymous_6)
FNF:7
FNH:0
FNDA:0,(anonymous_0)
FNDA:0,(anonymous_1)
FNDA:0,(anonymous_2)
FNDA:0,(anonymous_3)
FNDA:0,(anonymous_4)
FNDA:0,(anonymous_5)
FNDA:0,(anonymous_6)
DA:1,0
DA:9,0
DA:14,0
DA:15,0
DA:17,0
DA:35,0
DA:36,0
DA:37,0
DA:41,0
DA:44,0
DA:46,0
DA:50,0
DA:63,0
DA:79,0
DA:85,0
DA:90,0
DA:95,0
LF:17
LH:0
BRDA:14,0,0,0
BRDA:14,0,1,0
BRDA:21,1,0,0
BRDA:21,1,1,0
BRDA:24,2,0,0
BRDA:24,2,1,0
BRDA:25,3,0,0
BRDA:25,3,1,0
BRDA:32,4,0,0
BRDA:36,5,0,0
BRDA:49,6,0,0
BRDA:60,7,0,0
BRDA:61,8,0,0
BRDA:76,9,0,0
BRDA:81,10,0,0
BRDA:81,10,1,0
BRDA:90,11,0,0
BRDA:90,11,1,0
BRDA:90,11,2,0
BRDA:95,12,0,0
BRDA:95,12,1,0
BRDA:95,12,2,0
BRDA:95,12,3,0
BRF:23
BRH:0
end_of_record
TN:
SF:src/handlers/carousel-to-s3-tables-sync.ts
FN:79,handler
FN:150,writeToDynamoDB
FN:257,writeToS3Tables
FN:346,getSeasonForDate
FN:360,getEmbeddingShard
FNF:5
FNH:0
FNDA:0,handler
FNDA:0,writeToDynamoDB
FNDA:0,writeToS3Tables
FNDA:0,getSeasonForDate
FNDA:0,getEmbeddingShard
DA:19,0
DA:23,0
DA:24,0
DA:25,0
DA:62,0
DA:63,0
DA:65,0
DA:66,0
DA:67,0
DA:68,0
DA:79,0
DA:82,0
DA:84,0
DA:92,0
DA:97,0
DA:104,0
DA:105,0
DA:109,0
DA:113,0
DA:114,0
DA:119,0
DA:124,0
DA:126,0
DA:134,0
DA:151,0
DA:152,0
DA:153,0
DA:156,0
DA:157,0
DA:158,0
DA:160,0
DA:161,0
DA:164,0
DA:166,0
DA:218,0
DA:219,0
DA:226,0
DA:233,0
DA:237,0
DA:258,0
DA:259,0
DA:260,0
DA:261,0
DA:264,0
DA:265,0
DA:266,0
DA:269,0
DA:310,0
DA:313,0
DA:329,0
DA:335,0
DA:339,0
DA:347,0
DA:348,0
DA:349,0
DA:350,0
DA:351,0
DA:361,0
DA:362,0
DA:363,0
DA:364,0
DA:366,0
LF:62
LH:0
BRDA:62,0,0,0
BRDA:62,0,1,0
BRDA:63,1,0,0
BRDA:63,1,1,0
BRDA:67,2,0,0
BRDA:67,2,1,0
BRDA:68,3,0,0
BRDA:68,3,1,0
BRDA:104,4,0,0
BRDA:129,5,0,0
BRDA:129,5,1,0
BRDA:130,6,0,0
BRDA:130,6,1,0
BRDA:235,7,0,0
BRDA:235,7,1,0
BRDA:337,8,0,0
BRDA:337,8,1,0
BRDA:348,9,0,0
BRDA:349,10,0,0
BRDA:350,11,0,0
BRF:20
BRH:0
end_of_record
TN:
SF:src/handlers/create-products-handler.ts
FN:14,eventToNextRequest
FN:33,nextResponseToResult
FN:46,createProducts
FNF:3
FNH:0
FNDA:0,eventToNextRequest
FNDA:0,nextResponseToResult
FNDA:0,createProducts
DA:8,0
DA:9,0
DA:15,0
DA:19,0
DA:21,0
DA:27,0
DA:34,0
DA:36,0
DA:46,0
DA:49,0
DA:51,0
DA:52,0
DA:58,0
DA:59,0
DA:63,0
DA:64,0
DA:65,0
DA:66,0
DA:68,0
DA:74,0
DA:76,0
DA:81,0
DA:84,0
DA:89,0
LF:24
LH:0
BRDA:16,0,0,0
BRDA:16,0,1,0
BRDA:24,1,0,0
BRDA:24,1,1,0
BRDA:63,2,0,0
BRDA:63,2,1,0
BRDA:65,3,0,0
BRDA:65,3,1,0
BRDA:77,4,0,0
BRDA:77,4,1,0
BRDA:77,5,0,0
BRDA:77,5,1,0
BRDA:85,6,0,0
BRDA:85,6,1,0
BRDA:86,7,0,0
BRDA:86,7,1,0
BRDA:93,8,0,0
BRDA:93,8,1,0
BRF:18
BRH:0
end_of_record
TN:
SF:src/handlers/group-images-handler.ts
FN:32,(anonymous_0)
FN:36,(anonymous_1)
FN:40,(anonymous_2)
FN:44,(anonymous_3)
FN:189,(anonymous_4)
FN:246,(anonymous_5)
FN:247,(anonymous_6)
FN:248,(anonymous_7)
FN:270,(anonymous_8)
FN:271,(anonymous_9)
FN:320,(anonymous_10)
FNF:11
FNH:0
FNDA:0,(anonymous_0)
FNDA:0,(anonymous_1)
FNDA:0,(anonymous_2)
FNDA:0,(anonymous_3)
FNDA:0,(anonymous_4)
FNDA:0,(anonymous_5)
FNDA:0,(anonymous_6)
FNDA:0,(anonymous_7)
FNDA:0,(anonymous_8)
FNDA:0,(anonymous_9)
FNDA:0,(anonymous_10)
DA:1,0
DA:2,0
DA:3,0
DA:4,0
DA:5,0
DA:6,0
DA:7,0
DA:8,0
DA:10,0
DA:12,0
DA:14,0
DA:15,0
DA:16,0
DA:28,0
DA:33,0
DA:37,0
DA:41,0
DA:45,0
DA:46,0
DA:49,0
DA:50,0
DA:55,0
DA:56,0
DA:59,0
DA:61,0
DA:64,0
DA:66,0
DA:73,0
DA:74,0
DA:76,0
DA:77,0
DA:84,0
DA:90,0
DA:92,0
DA:101,0
DA:103,0
DA:104,0
DA:105,0
DA:112,0
DA:114,0
DA:115,0
DA:116,0
DA:118,0
DA:123,0
DA:125,0
DA:126,0
DA:141,0
DA:142,0
DA:143,0
DA:148,0
DA:151,0
DA:152,0
DA:154,0
DA:165,0
DA:172,0
DA:176,0
DA:182,0
DA:183,0
DA:189,0
DA:190,0
DA:191,0
DA:209,0
DA:225,0
DA:231,0
DA:237,0
DA:246,0
DA:247,0
DA:248,0
DA:249,0
DA:257,0
DA:270,0
DA:271,0
DA:272,0
DA:274,0
DA:289,0
DA:291,0
DA:304,0
DA:310,0
DA:320,0
DA:321,0
DA:322,0
LF:81
LH:0
BRDA:32,0,0,0
BRDA:37,1,0,0
BRDA:37,1,1,0
BRDA:41,2,0,0
BRDA:41,2,1,0
BRDA:45,3,0,0
BRDA:45,3,1,0
BRDA:46,4,0,0
BRDA:46,4,1,0
BRDA:49,5,0,0
BRDA:55,6,0,0
BRDA:61,7,0,0
BRDA:61,7,1,0
BRDA:73,8,0,0
BRDA:73,8,1,0
BRDA:76,9,0,0
BRDA:87,10,0,0
BRDA:88,11,0,0
BRDA:89,12,0,0
BRDA:103,13,0,0
BRDA:141,14,0,0
BRDA:159,15,0,0
BRDA:159,15,1,0
BRDA:174,16,0,0
BRDA:174,16,1,0
BRDA:182,17,0,0
BRDA:202,18,0,0
BRDA:202,18,1,0
BRDA:249,19,0,0
BRDA:249,19,1,0
BRDA:272,20,0,0
BRDA:305,21,0,0
BRDA:305,21,1,0
BRDA:306,22,0,0
BRDA:306,22,1,0
BRDA:312,23,0,0
BRDA:312,23,1,0
BRF:37
BRH:0
end_of_record
TN:
SF:src/handlers/health-handler.ts
FN:20,(anonymous_0)
FN:36,(anonymous_1)
FN:59,(anonymous_2)
FN:95,(anonymous_3)
FN:118,(anonymous_4)
FNF:5
FNH:0
FNDA:0,(anonymous_0)
FNDA:0,(anonymous_1)
FNDA:0,(anonymous_2)
FNDA:0,(anonymous_3)
FNDA:0,(anonymous_4)
DA:1,0
DA:2,0
DA:17,0
DA:19,0
DA:21,0
DA:28,0
DA:29,0
DA:30,0
DA:36,0
DA:38,0
DA:39,0
DA:40,0
DA:43,0
DA:46,0
DA:47,0
DA:48,0
DA:50,0
DA:58,0
DA:59,0
DA:61,0
DA:62,0
DA:64,0
DA:71,0
DA:74,0
DA:75,0
DA:76,0
DA:77,0
DA:78,0
DA:79,0
DA:84,0
DA:86,0
DA:87,0
DA:95,0
DA:96,0
DA:98,0
DA:99,0
DA:102,0
DA:111,0
DA:113,0
DA:118,0
DA:119,0
DA:120,0
LF:42
LH:0
BRDA:28,0,0,0
BRDA:28,0,1,0
BRDA:36,1,0,0
BRDA:36,1,1,0
BRDA:38,2,0,0
BRDA:53,3,0,0
BRDA:53,3,1,0
BRDA:61,4,0,0
BRDA:61,4,1,0
BRDA:82,5,0,0
BRDA:82,5,1,0
BRDA:90,6,0,0
BRDA:90,6,1,0
BRDA:98,7,0,0
BRDA:99,8,0,0
BRDA:99,8,1,0
BRDA:105,9,0,0
BRDA:105,9,1,0
BRDA:111,10,0,0
BRDA:111,10,1,0
BRDA:111,11,0,0
BRDA:111,11,1,0
BRF:22
BRH:0
end_of_record
TN:
SF:src/handlers/pricing-handler.ts
FN:29,handler
FN:126,(anonymous_1)
FN:167,generatePriceSuggestion
FN:186,(anonymous_3)
FN:187,(anonymous_4)
FN:190,(anonymous_5)
FN:196,(anonymous_6)
FN:201,(anonymous_7)
FN:218,parseRequestBody
FN:236,buildSuccessResponse
FN:254,buildErrorResponse
FN:273,buildCorsResponse
FN:289,healthHandler
FNF:13
FNH:0
FNDA:0,handler
FNDA:0,(anonymous_1)
FNDA:0,generatePriceSuggestion
FNDA:0,(anonymous_3)
FNDA:0,(anonymous_4)
FNDA:0,(anonymous_5)
FNDA:0,(anonymous_6)
FNDA:0,(anonymous_7)
FNDA:0,parseRequestBody
FNDA:0,buildSuccessResponse
FNDA:0,buildErrorResponse
FNDA:0,buildCorsResponse
FNDA:0,healthHandler
DA:19,0
DA:20,0
DA:23,0
DA:24,0
DA:29,0
DA:33,0
DA:35,0
DA:36,0
DA:43,0
DA:44,0
DA:47,0
DA:48,0
DA:52,0
DA:53,0
DA:54,0
DA:56,0
DA:64,0
DA:72,0
DA:75,0
DA:76,0
DA:79,0
DA:80,0
DA:84,0
DA:85,0
DA:86,0
DA:88,0
DA:97,0
DA:98,0
DA:106,0
DA:109,0
DA:112,0
DA:113,0
DA:115,0
DA:124,0
DA:126,0
DA:154,0
DA:160,0
DA:176,0
DA:177,0
DA:186,0
DA:187,0
DA:190,0
DA:191,0
DA:193,0
DA:196,0
DA:197,0
DA:198,0
DA:201,0
DA:202,0
DA:204,0
DA:219,0
DA:220,0
DA:223,0
DA:224,0
DA:226,0
DA:229,0
DA:237,0
DA:255,0
DA:274,0
DA:289,0
DA:293,0
DA:294,0
DA:295,0
DA:296,0
DA:298,0
DA:303,0
DA:305,0
DA:311,0
LF:68
LH:0
BRDA:33,0,0,0
BRDA:33,0,1,0
BRDA:43,1,0,0
BRDA:47,2,0,0
BRDA:52,3,0,0
BRDA:53,4,0,0
BRDA:53,4,1,0
BRDA:53,4,2,0
BRDA:54,5,0,0
BRDA:54,5,1,0
BRDA:57,6,0,0
BRDA:57,6,1,0
BRDA:58,7,0,0
BRDA:58,7,1,0
BRDA:75,8,0,0
BRDA:75,9,0,0
BRDA:75,9,1,0
BRDA:79,10,0,0
BRDA:84,11,0,0
BRDA:84,11,1,0
BRDA:85,12,0,0
BRDA:85,12,1,0
BRDA:86,13,0,0
BRDA:86,13,1,0
BRDA:133,14,0,0
BRDA:133,14,1,0
BRDA:156,15,0,0
BRDA:156,15,1,0
BRDA:157,16,0,0
BRDA:157,16,1,0
BRDA:176,17,0,0
BRDA:186,18,0,0
BRDA:186,18,1,0
BRDA:219,19,0,0
BRDA:227,20,0,0
BRDA:227,20,1,0
BRDA:241,21,0,0
BRDA:241,21,1,0
BRDA:242,22,0,0
BRDA:242,22,1,0
BRDA:294,23,0,0
BRDA:295,24,0,0
BRDA:295,24,1,0
BRDA:295,24,2,0
BRDA:296,25,0,0
BRDA:296,25,1,0
BRDA:306,26,0,0
BRDA:306,26,1,0
BRDA:316,27,0,0
BRDA:316,27,1,0
BRF:50
BRH:0
end_of_record
TN:
SF:src/handlers/pricing-insight-aggregator.ts
FN:33,handler
FN:171,getTopCategories
FN:220,getDefaultCategories
FN:236,getTopBrandsForCategory
FN:267,(anonymous_4)
FN:283,(anonymous_5)
FN:285,(anonymous_6)
FN:286,(anonymous_7)
FNF:8
FNH:0
FNDA:0,handler
FNDA:0,getTopCategories
FNDA:0,getDefaultCategories
FNDA:0,getTopBrandsForCategory
FNDA:0,(anonymous_4)
FNDA:0,(anonymous_5)
FNDA:0,(anonymous_6)
FNDA:0,(anonymous_7)
DA:19,0
DA:20,0
DA:21,0
DA:23,0
DA:24,0
DA:26,0
DA:33,0
DA:37,0
DA:41,0
DA:42,0
DA:43,0
DA:45,0
DA:46,0
DA:48,0
DA:50,0
DA:52,0
DA:57,0
DA:58,0
DA:61,0
DA:62,0
DA:64,0
DA:66,0
DA:67,0
DA:68,0
DA:69,0
DA:70,0
DA:76,0
DA:86,0
DA:88,0
DA:89,0
DA:90,0
DA:92,0
DA:93,0
DA:94,0
DA:95,0
DA:96,0
DA:102,0
DA:111,0
DA:119,0
DA:121,0
DA:128,0
DA:139,0
DA:144,0
DA:146,0
DA:150,0
DA:176,0
DA:177,0
DA:180,0
DA:190,0
DA:192,0
DA:193,0
DA:194,0
DA:198,0
DA:204,0
DA:206,0
DA:209,0
DA:221,0
DA:242,0
DA:243,0
DA:244,0
DA:248,0
DA:249,0
DA:250,0
DA:260,0
DA:262,0
DA:263,0
DA:267,0
DA:268,0
DA:269,0
DA:273,0
DA:282,0
DA:283,0
DA:285,0
DA:286,0
DA:288,0
DA:294,0
DA:296,0
DA:300,0
LF:78
LH:0
BRDA:41,0,0,0
BRDA:41,0,1,0
BRDA:42,1,0,0
BRDA:42,1,1,0
BRDA:43,2,0,0
BRDA:43,2,1,0
BRDA:66,3,0,0
BRDA:66,4,0,0
BRDA:66,4,1,0
BRDA:77,5,0,0
BRDA:77,5,1,0
BRDA:92,6,0,0
BRDA:92,7,0,0
BRDA:92,7,1,0
BRDA:103,8,0,0
BRDA:103,8,1,0
BRDA:114,9,0,0
BRDA:114,9,1,0
BRDA:123,10,0,0
BRDA:123,10,1,0
BRDA:147,11,0,0
BRDA:147,11,1,0
BRDA:154,12,0,0
BRDA:154,12,1,0
BRDA:174,13,0,0
BRDA:192,14,0,0
BRDA:192,15,0,0
BRDA:192,15,1,0
BRDA:207,16,0,0
BRDA:207,16,1,0
BRDA:240,17,0,0
BRDA:262,18,0,0
BRDA:262,19,0,0
BRDA:262,19,1,0
BRDA:268,20,0,0
BRDA:268,20,1,0
BRDA:269,21,0,0
BRDA:269,21,1,0
BRDA:276,22,0,0
BRDA:276,22,1,0
BRDA:298,23,0,0
BRDA:298,23,1,0
BRF:42
BRH:0
end_of_record
TN:
SF:src/handlers/process-groups-handler.ts
FN:48,(anonymous_0)
FN:52,(anonymous_1)
FN:56,(anonymous_2)
FN:60,(anonymous_3)
FN:145,(anonymous_4)
FN:183,(anonymous_5)
FN:197,(anonymous_6)
FN:260,(anonymous_7)
FN:348,(anonymous_8)
FN:400,(anonymous_9)
FN:434,(anonymous_10)
FN:463,(anonymous_11)
FN:491,(anonymous_12)
FN:532,(anonymous_13)
FNF:14
FNH:0
FNDA:0,(anonymous_0)
FNDA:0,(anonymous_1)
FNDA:0,(anonymous_2)
FNDA:0,(anonymous_3)
FNDA:0,(anonymous_4)
FNDA:0,(anonymous_5)
FNDA:0,(anonymous_6)
FNDA:0,(anonymous_7)
FNDA:0,(anonymous_8)
FNDA:0,(anonymous_9)
FNDA:0,(anonymous_10)
FNDA:0,(anonymous_11)
FNDA:0,(anonymous_12)
FNDA:0,(anonymous_13)
DA:1,0
DA:2,0
DA:3,0
DA:4,0
DA:5,0
DA:6,0
DA:9,0
DA:10,0
DA:11,0
DA:12,0
DA:14,0
DA:15,0
DA:16,0
DA:17,0
DA:18,0
DA:21,0
DA:22,0
DA:23,0
DA:25,0
DA:26,0
DA:44,0
DA:49,0
DA:53,0
DA:57,0
DA:61,0
DA:62,0
DA:65,0
DA:66,0
DA:71,0
DA:72,0
DA:75,0
DA:77,0
DA:80,0
DA:82,0
DA:89,0
DA:90,0
DA:92,0
DA:93,0
DA:100,0
DA:101,0
DA:104,0
DA:112,0
DA:120,0
DA:122,0
DA:123,0
DA:124,0
DA:131,0
DA:132,0
DA:140,0
DA:142,0
DA:143,0
DA:144,0
DA:145,0
DA:148,0
DA:149,0
DA:153,0
DA:156,0
DA:164,0
DA:175,0
DA:182,0
DA:184,0
DA:194,0
DA:195,0
DA:197,0
DA:198,0
DA:199,0
DA:201,0
DA:207,0
DA:212,0
DA:213,0
DA:219,0
DA:223,0
DA:227,0
DA:228,0
DA:236,0
DA:245,0
DA:255,0
DA:260,0
DA:277,0
DA:283,0
DA:284,0
DA:285,0
DA:291,0
DA:299,0
DA:306,0
DA:312,0
DA:313,0
DA:319,0
DA:330,0
DA:336,0
DA:356,0
DA:357,0
DA:360,0
DA:363,0
DA:364,0
DA:365,0
DA:372,0
DA:374,0
DA:388,0
DA:394,0
DA:401,0
DA:404,0
DA:405,0
DA:407,0
DA:408,0
DA:410,0
DA:411,0
DA:413,0
DA:414,0
DA:416,0
DA:417,0
DA:419,0
DA:420,0
DA:422,0
DA:423,0
DA:426,0
DA:447,0
DA:448,0
DA:452,0
DA:453,0
DA:457,0
DA:468,0
DA:469,0
DA:471,0
DA:480,0
DA:497,0
DA:498,0
DA:500,0
DA:504,0
DA:515,0
DA:532,0
DA:533,0
DA:534,0
LF:133
LH:0
BRDA:22,0,0,0
BRDA:25,1,0,0
BRDA:48,2,0,0
BRDA:53,3,0,0
BRDA:53,3,1,0
BRDA:57,4,0,0
BRDA:57,4,1,0
BRDA:61,5,0,0
BRDA:61,5,1,0
BRDA:62,6,0,0
BRDA:62,6,1,0
BRDA:65,7,0,0
BRDA:71,8,0,0
BRDA:77,9,0,0
BRDA:77,9,1,0
BRDA:89,10,0,0
BRDA:89,10,1,0
BRDA:92,11,0,0
BRDA:104,12,0,0
BRDA:104,12,1,0
BRDA:122,13,0,0
BRDA:148,14,0,0
BRDA:189,15,0,0
BRDA:189,15,1,0
BRDA:198,16,0,0
BRDA:198,16,1,0
BRDA:205,17,0,0
BRDA:205,17,1,0
BRDA:212,18,0,0
BRDA:227,19,0,0
BRDA:249,20,0,0
BRDA:249,20,1,0
BRDA:263,21,0,0
BRDA:263,21,1,0
BRDA:302,22,0,0
BRDA:302,22,1,0
BRDA:312,23,0,0
BRDA:331,24,0,0
BRDA:331,24,1,0
BRDA:332,25,0,0
BRDA:332,25,1,0
BRDA:338,26,0,0
BRDA:338,26,1,0
BRDA:364,27,0,0
BRDA:364,27,1,0
BRDA:372,28,0,0
BRDA:372,28,1,0
BRDA:404,29,0,0
BRDA:407,30,0,0
BRDA:410,31,0,0
BRDA:413,32,0,0
BRDA:416,33,0,0
BRDA:419,34,0,0
BRDA:422,35,0,0
BRDA:447,36,0,0
BRDA:447,37,0,0
BRDA:447,37,1,0
BRDA:447,37,2,0
BRDA:452,38,0,0
BRDA:500,39,0,0
BRDA:500,39,1,0
BRDA:504,40,0,0
BRDA:504,40,1,0
BRDA:523,41,0,0
BRDA:523,41,1,0
BRF:65
BRH:0
end_of_record
TN:
SF:src/handlers/process-handler.ts
FN:32,(anonymous_0)
FN:284,(anonymous_1)
FNF:2
FNH:0
FNDA:0,(anonymous_0)
FNDA:0,(anonymous_1)
DA:1,0
DA:2,0
DA:3,0
DA:4,0
DA:5,0
DA:6,0
DA:7,0
DA:8,0
DA:9,0
DA:10,0
DA:11,0
DA:13,0
DA:14,0
DA:15,0
DA:16,0
DA:31,0
DA:33,0
DA:34,0
DA:36,0
DA:37,0
DA:42,0
DA:43,0
DA:46,0
DA:47,0
DA:51,0
DA:54,0
DA:66,0
DA:70,0
DA:71,0
DA:73,0
DA:80,0
DA:86,0
DA:89,0
DA:93,0
DA:103,0
DA:104,0
DA:112,0
DA:117,0
DA:118,0
DA:128,0
DA:130,0
DA:133,0
DA:134,0
DA:136,0
DA:139,0
DA:142,0
DA:143,0
DA:144,0
DA:148,0
DA:155,0
DA:156,0
DA:158,0
DA:168,0
DA:171,0
DA:172,0
DA:179,0
DA:187,0
DA:188,0
DA:196,0
DA:203,0
DA:205,0
DA:217,0
DA:218,0
DA:219,0
DA:220,0
DA:222,0
DA:239,0
DA:242,0
DA:251,0
DA:257,0
DA:260,0
DA:269,0
DA:271,0
DA:278,0
DA:284,0
DA:285,0
DA:286,0
LF:77
LH:0
BRDA:34,0,0,0
BRDA:34,0,1,0
BRDA:36,1,0,0
BRDA:42,2,0,0
BRDA:57,3,0,0
BRDA:57,3,1,0
BRDA:66,4,0,0
BRDA:66,4,1,0
BRDA:82,5,0,0
BRDA:82,5,1,0
BRDA:103,6,0,0
BRDA:103,7,0,0
BRDA:103,7,1,0
BRDA:117,8,0,0
BRDA:117,9,0,0
BRDA:117,9,1,0
BRDA:128,10,0,0
BRDA:128,10,1,0
BRDA:134,11,0,0
BRDA:134,11,1,0
BRDA:137,12,0,0
BRDA:137,12,1,0
BRDA:143,13,0,0
BRDA:149,14,0,0
BRDA:149,14,1,0
BRDA:168,15,0,0
BRDA:168,15,1,0
BRDA:171,16,0,0
BRDA:171,17,0,0
BRDA:171,17,1,0
BRDA:171,17,2,0
BRDA:187,18,0,0
BRDA:197,19,0,0
BRDA:197,19,1,0
BRDA:198,20,0,0
BRDA:198,20,1,0
BRDA:269,21,0,0
BRDA:269,21,1,0
BRF:38
BRH:0
end_of_record
TN:
SF:src/handlers/process-worker-handler.ts
FN:82,(anonymous_0)
FN:96,(anonymous_1)
FN:105,(anonymous_2)
FN:170,(anonymous_3)
FN:181,(anonymous_4)
FN:211,(anonymous_5)
FN:226,(anonymous_6)
FN:281,(anonymous_7)
FN:316,(anonymous_8)
FN:349,(anonymous_9)
FN:361,(anonymous_10)
FN:373,(anonymous_11)
FN:374,(anonymous_12)
FN:394,(anonymous_13)
FN:568,(anonymous_14)
FN:634,(anonymous_15)
FN:960,(anonymous_16)
FN:976,(anonymous_17)
FN:1004,(anonymous_18)
FNF:19
FNH:0
FNDA:0,(anonymous_0)
FNDA:0,(anonymous_1)
FNDA:0,(anonymous_2)
FNDA:0,(anonymous_3)
FNDA:0,(anonymous_4)
FNDA:0,(anonymous_5)
FNDA:0,(anonymous_6)
FNDA:0,(anonymous_7)
FNDA:0,(anonymous_8)
FNDA:0,(anonymous_9)
FNDA:0,(anonymous_10)
FNDA:0,(anonymous_11)
FNDA:0,(anonymous_12)
FNDA:0,(anonymous_13)
FNDA:0,(anonymous_14)
FNDA:0,(anonymous_15)
FNDA:0,(anonymous_16)
FNDA:0,(anonymous_17)
FNDA:0,(anonymous_18)
DA:1,0
DA:2,0
DA:3,0
DA:4,0
DA:6,0
DA:13,0
DA:14,0
DA:15,0
DA:19,0
DA:20,0
DA:21,0
DA:23,0
DA:24,0
DA:25,0
DA:81,0
DA:83,0
DA:86,0
DA:87,0
DA:89,0
DA:97,0
DA:111,0
DA:112,0
DA:113,0
DA:121,0
DA:127,0
DA:128,0
DA:129,0
DA:131,0
DA:133,0
DA:141,0
DA:143,0
DA:144,0
DA:154,0
DA:155,0
DA:162,0
DA:163,0
DA:170,0
DA:175,0
DA:186,0
DA:188,0
DA:190,0
DA:191,0
DA:193,0
DA:195,0
DA:196,0
DA:199,0
DA:200,0
DA:201,0
DA:203,0
DA:204,0
DA:208,0
DA:209,0
DA:211,0
DA:213,0
DA:216,0
DA:217,0
DA:220,0
DA:230,0
DA:232,0
DA:234,0
DA:235,0
DA:236,0
DA:239,0
DA:240,0
DA:244,0
DA:245,0
DA:250,0
DA:251,0
DA:252,0
DA:253,0
DA:254,0
DA:255,0
DA:256,0
DA:261,0
DA:262,0
DA:269,0
DA:271,0
DA:285,0
DA:287,0
DA:289,0
DA:290,0
DA:294,0
DA:295,0
DA:299,0
DA:300,0
DA:304,0
DA:305,0
DA:310,0
DA:317,0
DA:319,0
DA:322,0
DA:323,0
DA:330,0
DA:334,0
DA:335,0
DA:339,0
DA:340,0
DA:343,0
DA:354,0
DA:357,0
DA:360,0
DA:361,0
DA:362,0
DA:363,0
DA:369,0
DA:370,0
DA:373,0
DA:374,0
DA:378,0
DA:379,0
DA:382,0
DA:395,0
DA:397,0
DA:406,0
DA:408,0
DA:410,0
DA:418,0
DA:421,0
DA:422,0
DA:424,0
DA:425,0
DA:426,0
DA:433,0
DA:444,0
DA:445,0
DA:446,0
DA:452,0
DA:453,0
DA:454,0
DA:457,0
DA:466,0
DA:468,0
DA:469,0
DA:471,0
DA:479,0
DA:480,0
DA:487,0
DA:497,0
DA:499,0
DA:500,0
DA:501,0
DA:503,0
DA:505,0
DA:511,0
DA:523,0
DA:531,0
DA:532,0
DA:536,0
DA:537,0
DA:541,0
DA:547,0
DA:557,0
DA:565,0
DA:568,0
DA:586,0
DA:598,0
DA:606,0
DA:608,0
DA:609,0
DA:611,0
DA:620,0
DA:627,0
DA:635,0
DA:637,0
DA:644,0
DA:646,0
DA:648,0
DA:653,0
DA:654,0
DA:655,0
DA:660,0
DA:663,0
DA:680,0
DA:683,0
DA:686,0
DA:710,0
DA:711,0
DA:712,0
DA:713,0
DA:715,0
DA:719,0
DA:721,0
DA:722,0
DA:724,0
DA:726,0
DA:740,0
DA:741,0
DA:742,0
DA:754,0
DA:761,0
DA:762,0
DA:768,0
DA:776,0
DA:777,0
DA:778,0
DA:791,0
DA:798,0
DA:800,0
DA:809,0
DA:810,0
DA:812,0
DA:813,0
DA:814,0
DA:815,0
DA:844,0
DA:851,0
DA:857,0
DA:866,0
DA:876,0
DA:878,0
DA:880,0
DA:881,0
DA:883,0
DA:891,0
DA:898,0
DA:899,0
DA:906,0
DA:907,0
DA:915,0
DA:916,0
DA:925,0
DA:930,0
DA:938,0
DA:944,0
DA:953,0
DA:966,0
DA:967,0
DA:969,0
DA:970,0
DA:976,0
DA:977,0
DA:978,0
DA:979,0
DA:982,0
DA:983,0
DA:990,0
DA:992,0
DA:998,0
DA:1004,0
DA:1005,0
DA:1006,0
LF:241
LH:0
BRDA:83,0,0,0
BRDA:83,0,1,0
BRDA:86,1,0,0
BRDA:86,1,1,0
BRDA:97,2,0,0
BRDA:97,2,1,0
BRDA:97,2,2,0
BRDA:97,2,3,0
BRDA:109,3,0,0
BRDA:143,4,0,0
BRDA:143,4,1,0
BRDA:154,5,0,0
BRDA:186,6,0,0
BRDA:190,7,0,0
BRDA:195,8,0,0
BRDA:199,9,0,0
BRDA:200,10,0,0
BRDA:203,11,0,0
BRDA:208,12,0,0
BRDA:208,13,0,0
BRDA:208,13,1,0
BRDA:216,14,0,0
BRDA:216,15,0,0
BRDA:216,15,1,0
BRDA:232,16,0,0
BRDA:234,17,0,0
BRDA:239,18,0,0
BRDA:239,19,0,0
BRDA:239,19,1,0
BRDA:244,20,0,0
BRDA:250,21,0,0
BRDA:250,21,1,0
BRDA:251,22,0,0
BRDA:251,22,1,0
BRDA:251,23,0,0
BRDA:251,23,1,0
BRDA:253,24,0,0
BRDA:253,24,1,0
BRDA:255,25,0,0
BRDA:261,26,0,0
BRDA:261,26,1,0
BRDA:269,27,0,0
BRDA:269,27,1,0
BRDA:287,28,0,0
BRDA:289,29,0,0
BRDA:294,30,0,0
BRDA:294,31,0,0
BRDA:294,31,1,0
BRDA:299,32,0,0
BRDA:299,33,0,0
BRDA:299,33,1,0
BRDA:304,34,0,0
BRDA:304,35,0,0
BRDA:304,35,1,0
BRDA:317,36,0,0
BRDA:322,37,0,0
BRDA:334,38,0,0
BRDA:339,39,0,0
BRDA:360,40,0,0
BRDA:362,41,0,0
BRDA:369,42,0,0
BRDA:378,43,0,0
BRDA:434,44,0,0
BRDA:434,44,1,0
BRDA:439,45,0,0
BRDA:439,45,1,0
BRDA:440,46,0,0
BRDA:440,46,1,0
BRDA:445,47,0,0
BRDA:445,47,1,0
BRDA:445,48,0,0
BRDA:445,48,1,0
BRDA:453,49,0,0
BRDA:466,50,0,0
BRDA:466,50,1,0
BRDA:466,51,0,0
BRDA:466,51,1,0
BRDA:467,52,0,0
BRDA:467,52,1,0
BRDA:467,53,0,0
BRDA:467,53,1,0
BRDA:479,54,0,0
BRDA:479,55,0,0
BRDA:479,55,1,0
BRDA:499,56,0,0
BRDA:499,57,0,0
BRDA:499,57,1,0
BRDA:501,58,0,0
BRDA:501,58,1,0
BRDA:512,59,0,0
BRDA:512,59,1,0
BRDA:513,60,0,0
BRDA:513,60,1,0
BRDA:513,60,2,0
BRDA:515,61,0,0
BRDA:515,61,1,0
BRDA:519,62,0,0
BRDA:519,62,1,0
BRDA:520,63,0,0
BRDA:520,63,1,0
BRDA:526,64,0,0
BRDA:526,64,1,0
BRDA:527,65,0,0
BRDA:527,65,1,0
BRDA:531,66,0,0
BRDA:536,67,0,0
BRDA:543,68,0,0
BRDA:543,68,1,0
BRDA:560,69,0,0
BRDA:560,69,1,0
BRDA:573,70,0,0
BRDA:573,70,1,0
BRDA:609,71,0,0
BRDA:609,71,1,0
BRDA:654,72,0,0
BRDA:656,73,0,0
BRDA:656,73,1,0
BRDA:677,74,0,0
BRDA:678,75,0,0
BRDA:679,76,0,0
BRDA:692,77,0,0
BRDA:692,77,1,0
BRDA:692,78,0,0
BRDA:692,78,1,0
BRDA:710,79,0,0
BRDA:710,79,1,0
BRDA:712,80,0,0
BRDA:712,80,1,0
BRDA:719,81,0,0
BRDA:719,81,1,0
BRDA:720,82,0,0
BRDA:720,82,1,0
BRDA:740,83,0,0
BRDA:742,84,0,0
BRDA:742,84,1,0
BRDA:743,85,0,0
BRDA:743,85,1,0
BRDA:744,86,0,0
BRDA:744,86,1,0
BRDA:746,87,0,0
BRDA:746,87,1,0
BRDA:749,88,0,0
BRDA:749,88,1,0
BRDA:761,89,0,0
BRDA:761,90,0,0
BRDA:761,90,1,0
BRDA:770,91,0,0
BRDA:770,91,1,0
BRDA:780,92,0,0
BRDA:780,92,1,0
BRDA:780,93,0,0
BRDA:780,93,1,0
BRDA:803,94,0,0
BRDA:803,94,1,0
BRDA:809,95,0,0
BRDA:809,95,1,0
BRDA:809,96,0,0
BRDA:809,96,1,0
BRDA:812,97,0,0
BRDA:812,98,0,0
BRDA:812,98,1,0
BRDA:860,99,0,0
BRDA:860,99,1,0
BRDA:881,100,0,0
BRDA:881,100,1,0
BRDA:898,101,0,0
BRDA:898,102,0,0
BRDA:898,102,1,0
BRDA:915,103,0,0
BRDA:915,103,1,0
BRDA:948,104,0,0
BRDA:948,104,1,0
BRDA:964,105,0,0
BRDA:996,106,0,0
BRDA:996,106,1,0
BRF:175
BRH:0
end_of_record
TN:
SF:src/handlers/rotate-keys-handler.ts
FN:3,(anonymous_0)
FNF:1
FNH:0
FNDA:0,(anonymous_0)
DA:1,0
DA:3,0
DA:4,0
DA:9,0
DA:10,0
DA:12,0
DA:14,0
DA:21,0
DA:23,0
DA:31,0
DA:44,0
DA:50,0
LF:12
LH:0
BRDA:9,0,0,0
BRDA:9,0,1,0
BRDA:10,1,0,0
BRDA:10,1,1,0
BRDA:47,2,0,0
BRDA:47,2,1,0
BRDA:55,3,0,0
BRDA:55,3,1,0
BRF:8
BRH:0
end_of_record
TN:
SF:src/handlers/s3-tables-data-validator.ts
FN:65,handler
FN:133,(anonymous_1)
FN:154,(anonymous_2)
FN:155,(anonymous_3)
FN:176,validateRowCounts
FN:224,validateEmbeddings
FN:265,validatePriceDistributions
FN:357,validateSchemaConsistency
FN:423,runAthenaCountQuery
FN:440,runAthenaMultiRowQuery
FN:456,(anonymous_10)
FN:469,startAthenaQuery
FN:504,waitForQueryCompletion
FN:527,(anonymous_13)
FN:535,(anonymous_14)
FN:545,getAthenaQueryResults
FN:585,countDynamoDBRows
FN:633,generateValidationReport
FN:638,(anonymous_18)
FN:639,(anonymous_19)
FN:640,(anonymous_20)
FN:641,(anonymous_21)
FN:661,sendAlert
FN:669,(anonymous_23)
FNF:24
FNH:0
FNDA:0,handler
FNDA:0,(anonymous_1)
FNDA:0,(anonymous_2)
FNDA:0,(anonymous_3)
FNDA:0,validateRowCounts
FNDA:0,validateEmbeddings
FNDA:0,validatePriceDistributions
FNDA:0,validateSchemaConsistency
FNDA:0,runAthenaCountQuery
FNDA:0,runAthenaMultiRowQuery
FNDA:0,(anonymous_10)
FNDA:0,startAthenaQuery
FNDA:0,waitForQueryCompletion
FNDA:0,(anonymous_13)
FNDA:0,(anonymous_14)
FNDA:0,getAthenaQueryResults
FNDA:0,countDynamoDBRows
FNDA:0,generateValidationReport
FNDA:0,(anonymous_18)
FNDA:0,(anonymous_19)
FNDA:0,(anonymous_20)
FNDA:0,(anonymous_21)
FNDA:0,sendAlert
FNDA:0,(anonymous_23)
DA:24,0
DA:25,0
DA:26,0
DA:27,0
DA:30,0
DA:31,0
DA:32,0
DA:33,0
DA:65,0
DA:69,0
DA:70,0
DA:71,0
DA:73,0
DA:75,0
DA:77,0
DA:78,0
DA:79,0
DA:80,0
DA:81,0
DA:84,0
DA:85,0
DA:86,0
DA:87,0
DA:89,0
DA:90,0
DA:94,0
DA:95,0
DA:96,0
DA:97,0
DA:99,0
DA:100,0
DA:104,0
DA:105,0
DA:106,0
DA:107,0
DA:109,0
DA:110,0
DA:114,0
DA:115,0
DA:116,0
DA:117,0
DA:119,0
DA:120,0
DA:124,0
DA:125,0
DA:127,0
DA:133,0
DA:134,0
DA:135,0
DA:138,0
DA:141,0
DA:146,0
DA:147,0
DA:149,0
DA:154,0
DA:155,0
DA:163,0
DA:181,0
DA:182,0
DA:183,0
DA:184,0
DA:187,0
DA:196,0
DA:199,0
DA:201,0
DA:203,0
DA:204,0
DA:206,0
DA:226,0
DA:233,0
DA:236,0
DA:241,0
DA:243,0
DA:245,0
DA:246,0
DA:248,0
DA:267,0
DA:268,0
DA:269,0
DA:270,0
DA:272,0
DA:285,0
DA:287,0
DA:288,0
DA:300,0
DA:301,0
DA:302,0
DA:303,0
DA:305,0
DA:306,0
DA:319,0
DA:320,0
DA:322,0
DA:334,0
DA:335,0
DA:337,0
DA:338,0
DA:340,0
DA:358,0
DA:370,0
DA:372,0
DA:373,0
DA:385,0
DA:386,0
DA:388,0
DA:395,0
DA:396,0
DA:398,0
DA:408,0
DA:424,0
DA:425,0
DA:426,0
DA:429,0
DA:430,0
DA:431,0
DA:434,0
DA:441,0
DA:442,0
DA:443,0
DA:445,0
DA:446,0
DA:449,0
DA:450,0
DA:452,0
DA:453,0
DA:454,0
DA:456,0
DA:457,0
DA:460,0
DA:463,0
DA:470,0
DA:471,0
DA:473,0
DA:474,0
DA:486,0
DA:491,0
DA:493,0
DA:497,0
DA:505,0
DA:506,0
DA:508,0
DA:509,0
DA:510,0
DA:514,0
DA:516,0
DA:517,0
DA:518,0
DA:521,0
DA:522,0
DA:523,0
DA:527,0
DA:528,0
DA:530,0
DA:531,0
DA:532,0
DA:534,0
DA:535,0
DA:539,0
DA:546,0
DA:547,0
DA:551,0
DA:553,0
DA:554,0
DA:555,0
DA:556,0
DA:557,0
DA:558,0
DA:561,0
DA:565,0
DA:570,0
DA:572,0
DA:576,0
DA:592,0
DA:593,0
DA:594,0
DA:597,0
DA:611,0
DA:613,0
DA:620,0
DA:622,0
DA:626,0
DA:638,0
DA:639,0
DA:640,0
DA:641,0
DA:643,0
DA:666,0
DA:667,0
DA:670,0
DA:676,0
DA:690,0
DA:698,0
DA:703,0
DA:707,0
LF:194
LH:0
BRDA:77,0,0,0
BRDA:77,0,1,0
BRDA:78,1,0,0
BRDA:78,1,1,0
BRDA:79,2,0,0
BRDA:79,2,1,0
BRDA:90,3,0,0
BRDA:90,3,1,0
BRDA:100,4,0,0
BRDA:100,4,1,0
BRDA:110,5,0,0
BRDA:110,5,1,0
BRDA:120,6,0,0
BRDA:120,6,1,0
BRDA:133,7,0,0
BRDA:133,7,1,0
BRDA:134,8,0,0
BRDA:134,9,0,0
BRDA:134,9,1,0
BRDA:160,10,0,0
BRDA:160,10,1,0
BRDA:201,11,0,0
BRDA:201,11,1,0
BRDA:203,12,0,0
BRDA:203,12,1,0
BRDA:203,13,0,0
BRDA:203,13,1,0
BRDA:243,14,0,0
BRDA:243,14,1,0
BRDA:245,15,0,0
BRDA:245,15,1,0
BRDA:245,16,0,0
BRDA:245,16,1,0
BRDA:287,17,0,0
BRDA:287,18,0,0
BRDA:287,18,1,0
BRDA:301,19,0,0
BRDA:301,19,1,0
BRDA:302,20,0,0
BRDA:302,20,1,0
BRDA:303,21,0,0
BRDA:303,21,1,0
BRDA:305,22,0,0
BRDA:305,23,0,0
BRDA:305,23,1,0
BRDA:335,24,0,0
BRDA:335,24,1,0
BRDA:337,25,0,0
BRDA:337,25,1,0
BRDA:372,26,0,0
BRDA:372,27,0,0
BRDA:372,27,1,0
BRDA:386,28,0,0
BRDA:386,28,1,0
BRDA:388,29,0,0
BRDA:388,29,1,0
BRDA:389,30,0,0
BRDA:389,30,1,0
BRDA:390,31,0,0
BRDA:390,31,1,0
BRDA:391,32,0,0
BRDA:391,32,1,0
BRDA:392,33,0,0
BRDA:392,33,1,0
BRDA:393,34,0,0
BRDA:393,34,1,0
BRDA:395,35,0,0
BRDA:395,35,1,0
BRDA:395,36,0,0
BRDA:395,36,1,0
BRDA:399,37,0,0
BRDA:399,37,1,0
BRDA:413,38,0,0
BRDA:413,38,1,0
BRDA:429,39,0,0
BRDA:429,40,0,0
BRDA:429,40,1,0
BRDA:431,41,0,0
BRDA:431,41,1,0
BRDA:445,42,0,0
BRDA:457,43,0,0
BRDA:457,43,1,0
BRDA:470,44,0,0
BRDA:470,44,1,0
BRDA:516,45,0,0
BRDA:521,46,0,0
BRDA:521,47,0,0
BRDA:521,47,1,0
BRDA:530,48,0,0
BRDA:553,49,0,0
BRDA:556,50,0,0
BRDA:558,51,0,0
BRDA:558,51,1,0
BRDA:611,52,0,0
BRDA:611,52,1,0
BRDA:640,53,0,0
BRDA:640,53,1,0
BRDA:641,54,0,0
BRDA:641,54,1,0
BRDA:654,55,0,0
BRDA:654,55,1,0
BRF:101
BRH:0
end_of_record
TN:
SF:src/handlers/smartgo-to-s3-exporter.ts
FN:113,handler
FN:152,(anonymous_1)
FN:153,(anonymous_2)
FN:155,(anonymous_3)
FN:156,(anonymous_4)
FN:206,loadSmartGoConfig
FN:248,querySmartGoSales
FN:288,processSalesWithConcurrency
FN:301,(anonymous_8)
FN:304,(anonymous_9)
FN:311,(anonymous_10)
FN:333,processSingleSale
FN:379,downloadImage
FN:386,(anonymous_13)
FN:423,(anonymous_14)
FN:439,generateTitanEmbedding
FN:487,writeToS3Tables
FN:573,getSeasonForDate
FN:599,(anonymous_18)
FN:604,(anonymous_19)
FN:632,(anonymous_20)
FN:675,(anonymous_21)
FNF:22
FNH:0
FNDA:0,handler
FNDA:0,(anonymous_1)
FNDA:0,(anonymous_2)
FNDA:0,(anonymous_3)
FNDA:0,(anonymous_4)
FNDA:0,loadSmartGoConfig
FNDA:0,querySmartGoSales
FNDA:0,processSalesWithConcurrency
FNDA:0,(anonymous_8)
FNDA:0,(anonymous_9)
FNDA:0,(anonymous_10)
FNDA:0,processSingleSale
FNDA:0,downloadImage
FNDA:0,(anonymous_13)
FNDA:0,(anonymous_14)
FNDA:0,generateTitanEmbedding
FNDA:0,writeToS3Tables
FNDA:0,getSeasonForDate
FNDA:0,(anonymous_18)
FNDA:0,(anonymous_19)
FNDA:0,(anonymous_20)
FNDA:0,(anonymous_21)
DA:24,0
DA:29,0
DA:30,0
DA:34,0
DA:35,0
DA:91,0
DA:92,0
DA:93,0
DA:94,0
DA:96,0
DA:97,0
DA:98,0
DA:99,0
DA:113,0
DA:116,0
DA:117,0
DA:119,0
DA:124,0
DA:126,0
DA:129,0
DA:132,0
DA:133,0
DA:135,0
DA:140,0
DA:141,0
DA:142,0
DA:143,0
DA:150,0
DA:152,0
DA:153,0
DA:154,0
DA:155,0
DA:156,0
DA:158,0
DA:166,0
DA:168,0
DA:178,0
DA:179,0
DA:186,0
DA:187,0
DA:189,0
DA:194,0
DA:207,0
DA:208,0
DA:209,0
DA:216,0
DA:217,0
DA:220,0
DA:221,0
DA:227,0
DA:229,0
DA:232,0
DA:252,0
DA:277,0
DA:292,0
DA:293,0
DA:294,0
DA:296,0
DA:298,0
DA:299,0
DA:300,0
DA:302,0
DA:305,0
DA:312,0
DA:315,0
DA:319,0
DA:320,0
DA:324,0
DA:336,0
DA:337,0
DA:343,0
DA:346,0
DA:349,0
DA:351,0
DA:356,0
DA:358,0
DA:359,0
DA:365,0
DA:380,0
DA:383,0
DA:384,0
DA:385,0
DA:386,0
DA:388,0
DA:395,0
DA:397,0
DA:398,0
DA:403,0
DA:406,0
DA:407,0
DA:410,0
DA:412,0
DA:413,0
DA:421,0
DA:422,0
DA:423,0
DA:428,0
DA:440,0
DA:441,0
DA:443,0
DA:452,0
DA:454,0
DA:455,0
DA:458,0
DA:460,0
DA:461,0
DA:464,0
DA:466,0
DA:467,0
DA:471,0
DA:488,0
DA:489,0
DA:490,0
DA:491,0
DA:492,0
DA:493,0
DA:497,0
DA:498,0
DA:501,0
DA:538,0
DA:554,0
DA:561,0
DA:562,0
DA:566,0
DA:574,0
DA:575,0
DA:576,0
DA:577,0
DA:578,0
DA:600,0
DA:601,0
DA:605,0
DA:606,0
DA:622,0
DA:624,0
DA:638,0
DA:639,0
DA:650,0
DA:651,0
DA:654,0
DA:661,0
DA:667,0
DA:676,0
DA:677,0
DA:691,0
DA:693,0
LF:146
LH:0
BRDA:91,0,0,0
BRDA:91,0,1,0
BRDA:92,1,0,0
BRDA:92,1,1,0
BRDA:94,2,0,0
BRDA:94,2,1,0
BRDA:96,3,0,0
BRDA:96,3,1,0
BRDA:97,4,0,0
BRDA:97,4,1,0
BRDA:98,5,0,0
BRDA:98,5,1,0
BRDA:140,6,0,0
BRDA:155,7,0,0
BRDA:155,7,1,0
BRDA:178,8,0,0
BRDA:178,8,1,0
BRDA:182,9,0,0
BRDA:182,9,1,0
BRDA:190,10,0,0
BRDA:190,10,1,0
BRDA:216,11,0,0
BRDA:230,12,0,0
BRDA:230,12,1,0
BRDA:296,13,0,0
BRDA:296,13,1,0
BRDA:298,14,0,0
BRDA:298,14,1,0
BRDA:308,15,0,0
BRDA:308,15,1,0
BRDA:319,16,0,0
BRDA:358,17,0,0
BRDA:358,17,1,0
BRDA:397,18,0,0
BRDA:406,19,0,0
BRDA:412,20,0,0
BRDA:412,20,1,0
BRDA:421,21,0,0
BRDA:454,22,0,0
BRDA:460,23,0,0
BRDA:460,24,0,0
BRDA:460,24,1,0
BRDA:466,25,0,0
BRDA:466,25,1,0
BRDA:561,26,0,0
BRDA:561,26,1,0
BRDA:575,27,0,0
BRDA:576,28,0,0
BRDA:577,29,0,0
BRDA:626,30,0,0
BRDA:626,30,1,0
BRDA:650,31,0,0
BRDA:650,32,0,0
BRDA:650,32,1,0
BRDA:669,33,0,0
BRDA:669,33,1,0
BRDA:695,34,0,0
BRDA:695,34,1,0
BRF:58
BRH:0
end_of_record
TN:
SF:src/handlers/status-handler.ts
FN:25,(anonymous_0)
FN:106,(anonymous_1)
FN:183,(anonymous_2)
FN:273,(anonymous_3)
FNF:4
FNH:0
FNDA:0,(anonymous_0)
FNDA:0,(anonymous_1)
FNDA:0,(anonymous_2)
FNDA:0,(anonymous_3)
DA:1,0
DA:2,0
DA:3,0
DA:4,0
DA:5,0
DA:6,0
DA:8,0
DA:9,0
DA:24,0
DA:26,0
DA:27,0
DA:29,0
DA:30,0
DA:35,0
DA:36,0
DA:39,0
DA:40,0
DA:43,0
DA:47,0
DA:48,0
DA:49,0
DA:55,0
DA:61,0
DA:64,0
DA:68,0
DA:69,0
DA:77,0
DA:83,0
DA:84,0
DA:87,0
DA:94,0
DA:95,0
DA:96,0
DA:97,0
DA:99,0
DA:107,0
DA:108,0
DA:110,0
DA:111,0
DA:116,0
DA:117,0
DA:118,0
DA:121,0
DA:124,0
DA:125,0
DA:126,0
DA:132,0
DA:136,0
DA:145,0
DA:146,0
DA:147,0
DA:148,0
DA:149,0
DA:150,0
DA:151,0
DA:152,0
DA:153,0
DA:154,0
DA:155,0
DA:156,0
DA:157,0
DA:158,0
DA:159,0
DA:160,0
DA:163,0
DA:165,0
DA:168,0
DA:170,0
DA:176,0
DA:184,0
DA:185,0
DA:187,0
DA:189,0
DA:194,0
DA:195,0
DA:196,0
DA:199,0
DA:202,0
DA:203,0
DA:204,0
DA:210,0
DA:214,0
DA:215,0
DA:221,0
DA:222,0
DA:231,0
DA:245,0
DA:250,0
DA:259,0
DA:261,0
DA:267,0
DA:273,0
DA:274,0
DA:275,0
LF:94
LH:0
BRDA:27,0,0,0
BRDA:27,0,1,0
BRDA:29,1,0,0
BRDA:43,2,0,0
BRDA:43,2,1,0
BRDA:57,3,0,0
BRDA:57,3,1,0
BRDA:68,4,0,0
BRDA:68,5,0,0
BRDA:68,5,1,0
BRDA:83,6,0,0
BRDA:91,7,0,0
BRDA:91,7,1,0
BRDA:94,8,0,0
BRDA:94,8,1,0
BRDA:96,9,0,0
BRDA:96,9,1,0
BRDA:116,10,0,0
BRDA:125,11,0,0
BRDA:125,12,0,0
BRDA:125,12,1,0
BRDA:125,12,2,0
BRDA:145,13,0,0
BRDA:145,13,1,0
BRDA:153,14,0,0
BRDA:153,14,1,0
BRDA:159,15,0,0
BRDA:168,16,0,0
BRDA:168,16,1,0
BRDA:194,17,0,0
BRDA:203,18,0,0
BRDA:203,19,0,0
BRDA:203,19,1,0
BRDA:203,19,2,0
BRDA:214,20,0,0
BRDA:214,21,0,0
BRDA:214,21,1,0
BRDA:221,22,0,0
BRDA:259,23,0,0
BRDA:259,23,1,0
BRF:40
BRH:0
end_of_record
TN:
SF:src/lib/embedding-storage-service.ts
FN:91,(anonymous_0)
FN:116,(anonymous_1)
FN:125,(anonymous_2)
FN:170,(anonymous_3)
FN:183,(anonymous_4)
FN:209,(anonymous_5)
FN:213,(anonymous_6)
FN:242,(anonymous_7)
FN:250,(anonymous_8)
FN:270,(anonymous_9)
FN:291,(anonymous_10)
FN:292,(anonymous_11)
FN:295,(anonymous_12)
FN:299,(anonymous_13)
FN:312,(anonymous_14)
FN:316,(anonymous_15)
FN:346,(anonymous_16)
FN:361,(anonymous_17)
FNF:18
FNH:0
FNDA:0,(anonymous_0)
FNDA:0,(anonymous_1)
FNDA:0,(anonymous_2)
FNDA:0,(anonymous_3)
FNDA:0,(anonymous_4)
FNDA:0,(anonymous_5)
FNDA:0,(anonymous_6)
FNDA:0,(anonymous_7)
FNDA:0,(anonymous_8)
FNDA:0,(anonymous_9)
FNDA:0,(anonymous_10)
FNDA:0,(anonymous_11)
FNDA:0,(anonymous_12)
FNDA:0,(anonymous_13)
FNDA:0,(anonymous_14)
FNDA:0,(anonymous_15)
FNDA:0,(anonymous_16)
FNDA:0,(anonymous_17)
DA:25,0
DA:57,0
DA:74,0
DA:101,0
DA:102,0
DA:103,0
DA:104,0
DA:105,0
DA:106,0
DA:117,0
DA:118,0
DA:120,0
DA:121,0
DA:125,0
DA:128,0
DA:131,0
DA:132,0
DA:133,0
DA:134,0
DA:137,0
DA:138,0
DA:139,0
DA:140,0
DA:143,0
DA:144,0
DA:146,0
DA:150,0
DA:155,0
DA:157,0
DA:158,0
DA:159,0
DA:161,0
DA:171,0
DA:172,0
DA:175,0
DA:176,0
DA:177,0
DA:181,0
DA:182,0
DA:183,0
DA:185,0
DA:187,0
DA:188,0
DA:189,0
DA:190,0
DA:191,0
DA:193,0
DA:194,0
DA:200,0
DA:210,0
DA:211,0
DA:213,0
DA:214,0
DA:216,0
DA:217,0
DA:218,0
DA:220,0
DA:221,0
DA:222,0
DA:223,0
DA:225,0
DA:230,0
DA:231,0
DA:233,0
DA:243,0
DA:244,0
DA:245,0
DA:247,0
DA:249,0
DA:250,0
DA:253,0
DA:257,0
DA:261,0
DA:271,0
DA:276,0
DA:277,0
DA:280,0
DA:282,0
DA:292,0
DA:293,0
DA:295,0
DA:296,0
DA:299,0
DA:300,0
DA:303,0
DA:315,0
DA:316,0
DA:321,0
DA:327,0
DA:331,0
DA:347,0
DA:362,0
DA:366,0
LF:93
LH:0
BRDA:92,0,0,0
BRDA:103,1,0,0
BRDA:103,1,1,0
BRDA:104,2,0,0
BRDA:104,2,1,0
BRDA:105,3,0,0
BRDA:105,3,1,0
BRDA:106,4,0,0
BRDA:106,4,1,0
BRDA:120,5,0,0
BRDA:137,6,0,0
BRDA:148,7,0,0
BRDA:148,7,1,0
BRDA:188,8,0,0
BRDA:220,9,0,0
BRDA:220,9,1,0
BRDA:220,10,0,0
BRDA:220,10,1,0
BRDA:222,11,0,0
BRDA:222,11,1,0
BRDA:247,12,0,0
BRDA:247,12,1,0
BRDA:255,13,0,0
BRDA:255,13,1,0
BRDA:315,14,0,0
BRDA:315,14,1,0
BRDA:321,15,0,0
BRDA:321,15,1,0
BRDA:327,16,0,0
BRDA:327,16,1,0
BRF:30
BRH:0
end_of_record
TN:
SF:src/lib/errors.ts
FN:16,(anonymous_0)
FN:86,(anonymous_1)
FN:112,createErrorResponse
FN:136,createSuccessResponse
FN:150,handleError
FN:203,(anonymous_5)
FN:206,(anonymous_6)
FN:209,(anonymous_7)
FN:212,(anonymous_8)
FN:218,(anonymous_9)
FN:225,(anonymous_10)
FN:232,(anonymous_11)
FN:235,(anonymous_12)
FN:242,(anonymous_13)
FN:245,(anonymous_14)
FN:256,extractRequestId
FN:268,withErrorHandling
FN:272,(anonymous_17)
FNF:18
FNH:0
FNDA:0,(anonymous_0)
FNDA:0,(anonymous_1)
FNDA:0,createErrorResponse
FNDA:0,createSuccessResponse
FNDA:0,handleError
FNDA:0,(anonymous_5)
FNDA:0,(anonymous_6)
FNDA:0,(anonymous_7)
FNDA:0,(anonymous_8)
FNDA:0,(anonymous_9)
FNDA:0,(anonymous_10)
FNDA:0,(anonymous_11)
FNDA:0,(anonymous_12)
FNDA:0,(anonymous_13)
FNDA:0,(anonymous_14)
FNDA:0,extractRequestId
FNDA:0,withErrorHandling
FNDA:0,(anonymous_17)
DA:16,0
DA:18,0
DA:19,0
DA:20,0
DA:21,0
DA:22,0
DA:23,0
DA:24,0
DA:25,0
DA:28,0
DA:29,0
DA:30,0
DA:31,0
DA:32,0
DA:38,0
DA:81,0
DA:87,0
DA:88,0
DA:89,0
DA:90,0
DA:91,0
DA:102,0
DA:112,0
DA:118,0
DA:126,0
DA:136,0
DA:140,0
DA:150,0
DA:156,0
DA:157,0
DA:159,0
DA:170,0
DA:171,0
DA:180,0
DA:181,0
DA:190,0
DA:202,0
DA:204,0
DA:207,0
DA:210,0
DA:213,0
DA:219,0
DA:226,0
DA:233,0
DA:236,0
DA:243,0
DA:246,0
DA:256,0
DA:257,0
DA:268,0
DA:272,0
DA:273,0
DA:274,0
DA:276,0
DA:277,0
DA:279,0
LF:56
LH:0
BRDA:16,0,0,0
BRDA:16,0,1,0
BRDA:138,1,0,0
BRDA:156,2,0,0
BRDA:156,2,1,0
BRDA:157,3,0,0
BRDA:157,3,1,0
BRDA:170,4,0,0
BRDA:180,5,0,0
BRDA:180,6,0,0
BRDA:180,6,1,0
BRDA:193,7,0,0
BRDA:193,7,1,0
BRDA:206,8,0,0
BRDA:209,9,0,0
BRDA:215,10,0,0
BRDA:215,10,1,0
BRDA:229,11,0,0
BRDA:229,11,1,0
BRDA:245,12,0,0
BRDA:258,13,0,0
BRDA:258,13,1,0
BRDA:258,13,2,0
BRDA:258,13,3,0
BRF:24
BRH:0
end_of_record
TN:
SF:src/lib/export-progress-tracker.ts
FN:46,(anonymous_0)
FN:56,(anonymous_1)
FN:98,(anonymous_2)
FN:153,(anonymous_3)
FN:195,(anonymous_4)
FN:227,(anonymous_5)
FN:261,(anonymous_6)
FN:266,(anonymous_7)
FN:267,(anonymous_8)
FN:268,(anonymous_9)
FN:317,createExportProgressTracker
FNF:11
FNH:0
FNDA:0,(anonymous_0)
FNDA:0,(anonymous_1)
FNDA:0,(anonymous_2)
FNDA:0,(anonymous_3)
FNDA:0,(anonymous_4)
FNDA:0,(anonymous_5)
FNDA:0,(anonymous_6)
FNDA:0,(anonymous_7)
FNDA:0,(anonymous_8)
FNDA:0,(anonymous_9)
FNDA:0,createExportProgressTracker
DA:18,0
DA:24,0
DA:45,0
DA:47,0
DA:48,0
DA:57,0
DA:58,0
DA:59,0
DA:61,0
DA:73,0
DA:80,0
DA:86,0
DA:104,0
DA:105,0
DA:106,0
DA:108,0
DA:121,0
DA:122,0
DA:125,0
DA:132,0
DA:141,0
DA:154,0
DA:155,0
DA:156,0
DA:158,0
DA:168,0
DA:175,0
DA:182,0
DA:196,0
DA:197,0
DA:207,0
DA:208,0
DA:211,0
DA:213,0
DA:217,0
DA:228,0
DA:232,0
DA:234,0
DA:235,0
DA:236,0
DA:238,0
DA:239,0
DA:240,0
DA:241,0
DA:245,0
DA:252,0
DA:262,0
DA:264,0
DA:266,0
DA:267,0
DA:268,0
DA:276,0
DA:277,0
DA:278,0
DA:279,0
DA:284,0
DA:285,0
DA:286,0
DA:290,0
DA:291,0
DA:294,0
DA:317,0
DA:320,0
DA:324,0
LF:64
LH:0
BRDA:88,0,0,0
BRDA:88,0,1,0
BRDA:121,1,0,0
BRDA:121,2,0,0
BRDA:121,2,1,0
BRDA:143,3,0,0
BRDA:143,3,1,0
BRDA:184,4,0,0
BRDA:184,4,1,0
BRDA:207,5,0,0
BRDA:215,6,0,0
BRDA:215,6,1,0
BRDA:227,7,0,0
BRDA:240,8,0,0
BRDA:247,9,0,0
BRDA:247,9,1,0
BRDA:261,10,0,0
BRDA:277,11,0,0
BRDA:285,12,0,0
BRDA:290,13,0,0
BRDA:318,14,0,0
BRDA:318,15,0,0
BRDA:318,15,1,0
BRDA:318,16,0,0
BRDA:318,16,1,0
BRDA:321,17,0,0
BRDA:321,17,1,0
BRF:27
BRH:0
end_of_record
TN:
SF:src/lib/idempotency-manager.ts
FN:55,(anonymous_0)
FN:69,(anonymous_1)
FN:148,(anonymous_2)
FNF:3
FNH:0
FNDA:0,(anonymous_0)
FNDA:0,(anonymous_1)
FNDA:0,(anonymous_2)
DA:14,0
DA:20,0
DA:51,0
DA:56,0
DA:57,0
DA:75,0
DA:76,0
DA:77,0
DA:78,0
DA:80,0
DA:82,0
DA:92,0
DA:94,0
DA:100,0
DA:104,0
DA:120,0
DA:126,0
DA:128,0
DA:130,0
DA:135,0
DA:138,0
DA:153,0
DA:154,0
DA:156,0
DA:166,0
DA:167,0
DA:170,0
DA:171,0
LF:28
LH:0
BRDA:92,0,0,0
BRDA:128,1,0,0
BRDA:166,2,0,0
BRF:3
BRH:0
end_of_record
TN:
SF:src/lib/job-store.ts
FN:67,generateJobKeys
FN:77,getClient
FN:96,getJobStatus
FN:130,setJobStatus
FN:173,updateJobStatus
FN:249,deleteJob
FN:282,createJob
FN:305,markJobProcessing
FN:319,markJobCompleted
FN:334,markJobFailed
FN:362,getJobsByTenant
FN:392,(anonymous_11)
FN:409,getTenantJobStats
FNF:13
FNH:0
FNDA:0,generateJobKeys
FNDA:0,getClient
FNDA:0,getJobStatus
FNDA:0,setJobStatus
FNDA:0,updateJobStatus
FNDA:0,deleteJob
FNDA:0,createJob
FNDA:0,markJobProcessing
FNDA:0,markJobCompleted
FNDA:0,markJobFailed
FNDA:0,getJobsByTenant
FNDA:0,(anonymous_11)
FNDA:0,getTenantJobStats
DA:14,0
DA:22,0
DA:56,0
DA:57,0
DA:58,0
DA:68,0
DA:75,0
DA:78,0
DA:79,0
DA:83,0
DA:96,0
DA:97,0
DA:98,0
DA:100,0
DA:101,0
DA:111,0
DA:112,0
DA:115,0
DA:117,0
DA:123,0
DA:130,0
DA:131,0
DA:132,0
DA:133,0
DA:136,0
DA:146,0
DA:147,0
DA:156,0
DA:162,0
DA:173,0
DA:178,0
DA:179,0
DA:182,0
DA:183,0
DA:186,0
DA:190,0
DA:191,0
DA:192,0
DA:193,0
DA:196,0
DA:197,0
DA:198,0
DA:199,0
DA:202,0
DA:203,0
DA:204,0
DA:205,0
DA:208,0
DA:209,0
DA:224,0
DA:225,0
DA:228,0
DA:230,0
DA:231,0
DA:233,0
DA:239,0
DA:249,0
DA:250,0
DA:251,0
DA:253,0
DA:254,0
DA:264,0
DA:266,0
DA:267,0
DA:269,0
DA:275,0
DA:282,0
DA:287,0
DA:288,0
DA:298,0
DA:299,0
DA:305,0
DA:310,0
DA:319,0
DA:324,0
DA:334,0
DA:340,0
DA:362,0
DA:366,0
DA:367,0
DA:369,0
DA:370,0
DA:384,0
DA:385,0
DA:386,0
DA:387,0
DA:390,0
DA:392,0
DA:394,0
DA:399,0
DA:409,0
DA:417,0
DA:419,0
DA:420,0
DA:421,0
DA:424,0
LF:96
LH:0
BRDA:56,0,0,0
BRDA:56,0,1,0
BRDA:56,0,2,0
BRDA:58,1,0,0
BRDA:58,1,1,0
BRDA:67,2,0,0
BRDA:78,3,0,0
BRDA:80,4,0,0
BRDA:80,4,1,0
BRDA:98,5,0,0
BRDA:98,5,1,0
BRDA:111,6,0,0
BRDA:119,7,0,0
BRDA:119,7,1,0
BRDA:120,8,0,0
BRDA:120,8,1,0
BRDA:132,9,0,0
BRDA:132,9,1,0
BRDA:142,10,0,0
BRDA:142,10,1,0
BRDA:159,11,0,0
BRDA:159,11,1,0
BRDA:179,12,0,0
BRDA:179,12,1,0
BRDA:190,13,0,0
BRDA:196,14,0,0
BRDA:202,15,0,0
BRDA:224,16,0,0
BRDA:230,17,0,0
BRDA:235,18,0,0
BRDA:235,18,1,0
BRDA:236,19,0,0
BRDA:236,19,1,0
BRDA:251,20,0,0
BRDA:251,20,1,0
BRDA:266,21,0,0
BRDA:271,22,0,0
BRDA:271,22,1,0
BRDA:272,23,0,0
BRDA:272,23,1,0
BRDA:379,24,0,0
BRDA:379,24,1,0
BRDA:384,25,0,0
BRDA:392,26,0,0
BRDA:392,26,1,0
BRDA:396,27,0,0
BRDA:396,27,1,0
BRDA:421,28,0,0
BRDA:421,28,1,0
BRDA:428,29,0,0
BRDA:428,29,1,0
BRDA:429,30,0,0
BRDA:429,30,1,0
BRDA:430,31,0,0
BRDA:430,31,1,0
BRF:55
BRH:0
end_of_record
TN:
SF:src/lib/language-manager.ts
FN:148,(anonymous_0)
FN:150,(anonymous_1)
FN:162,(anonymous_2)
FN:172,(anonymous_3)
FN:179,(anonymous_4)
FN:186,(anonymous_5)
FN:193,(anonymous_6)
FN:200,(anonymous_7)
FN:207,(anonymous_8)
FN:218,(anonymous_9)
FN:219,(anonymous_10)
FN:233,(anonymous_11)
FN:253,(anonymous_12)
FN:261,(anonymous_13)
FN:272,(anonymous_14)
FN:288,(anonymous_15)
FN:296,(anonymous_16)
FN:301,(anonymous_17)
FN:302,(anonymous_18)
FN:303,(anonymous_19)
FN:304,(anonymous_20)
FN:314,(anonymous_21)
FN:318,(anonymous_22)
FN:322,(anonymous_23)
FN:326,(anonymous_24)
FN:330,(anonymous_25)
FNF:26
FNH:0
FNDA:0,(anonymous_0)
FNDA:0,(anonymous_1)
FNDA:0,(anonymous_2)
FNDA:0,(anonymous_3)
FNDA:0,(anonymous_4)
FNDA:0,(anonymous_5)
FNDA:0,(anonymous_6)
FNDA:0,(anonymous_7)
FNDA:0,(anonymous_8)
FNDA:0,(anonymous_9)
FNDA:0,(anonymous_10)
FNDA:0,(anonymous_11)
FNDA:0,(anonymous_12)
FNDA:0,(anonymous_13)
FNDA:0,(anonymous_14)
FNDA:0,(anonymous_15)
FNDA:0,(anonymous_16)
FNDA:0,(anonymous_17)
FNDA:0,(anonymous_18)
FNDA:0,(anonymous_19)
FNDA:0,(anonymous_20)
FNDA:0,(anonymous_21)
FNDA:0,(anonymous_22)
FNDA:0,(anonymous_23)
FNDA:0,(anonymous_24)
FNDA:0,(anonymous_25)
DA:18,0
DA:143,0
DA:145,0
DA:146,0
DA:150,0
DA:151,0
DA:153,0
DA:154,0
DA:163,0
DA:164,0
DA:166,0
DA:173,0
DA:180,0
DA:187,0
DA:194,0
DA:201,0
DA:208,0
DA:209,0
DA:210,0
DA:212,0
DA:219,0
DA:220,0
DA:223,0
DA:224,0
DA:227,0
DA:234,0
DA:237,0
DA:238,0
DA:239,0
DA:243,0
DA:244,0
DA:247,0
DA:254,0
DA:255,0
DA:262,0
DA:263,0
DA:264,0
DA:266,0
DA:273,0
DA:274,0
DA:275,0
DA:276,0
DA:277,0
DA:282,0
DA:289,0
DA:290,0
DA:297,0
DA:299,0
DA:301,0
DA:302,0
DA:303,0
DA:304,0
DA:306,0
DA:311,0
DA:314,0
DA:315,0
DA:318,0
DA:319,0
DA:322,0
DA:323,0
DA:326,0
DA:327,0
DA:330,0
DA:331,0
LF:64
LH:0
BRDA:153,0,0,0
BRDA:163,1,0,0
BRDA:209,2,0,0
BRDA:223,3,0,0
BRDA:238,4,0,0
BRDA:243,5,0,0
BRDA:261,6,0,0
BRDA:263,7,0,0
BRDA:266,8,0,0
BRDA:266,8,1,0
BRDA:273,9,0,0
BRDA:273,10,0,0
BRDA:273,10,1,0
BRDA:276,11,0,0
BRDA:297,12,0,0
BRDA:306,13,0,0
BRDA:306,13,1,0
BRF:17
BRH:0
end_of_record
TN:
SF:src/lib/logger.ts
FN:46,formatLog
FN:60,(anonymous_1)
FN:65,(anonymous_2)
FN:70,(anonymous_3)
FN:75,(anonymous_4)
FN:80,(anonymous_5)
FN:83,(anonymous_6)
FN:86,(anonymous_7)
FN:89,(anonymous_8)
FN:94,(anonymous_9)
FN:99,(anonymous_10)
FN:104,(anonymous_11)
FN:109,(anonymous_12)
FN:112,(anonymous_13)
FN:113,(anonymous_14)
FN:135,createRequestLogger
FN:152,(anonymous_16)
FN:159,(anonymous_17)
FN:166,(anonymous_18)
FN:173,(anonymous_19)
FN:195,logHandlerInvocation
FN:220,logResponse
FN:237,logTiming
FN:254,logServiceCall
FN:281,logSecurityEvent
FN:303,logCreditOperation
FN:326,clearLogContext
FNF:27
FNH:0
FNDA:0,formatLog
FNDA:0,(anonymous_1)
FNDA:0,(anonymous_2)
FNDA:0,(anonymous_3)
FNDA:0,(anonymous_4)
FNDA:0,(anonymous_5)
FNDA:0,(anonymous_6)
FNDA:0,(anonymous_7)
FNDA:0,(anonymous_8)
FNDA:0,(anonymous_9)
FNDA:0,(anonymous_10)
FNDA:0,(anonymous_11)
FNDA:0,(anonymous_12)
FNDA:0,(anonymous_13)
FNDA:0,(anonymous_14)
FNDA:0,createRequestLogger
FNDA:0,(anonymous_16)
FNDA:0,(anonymous_17)
FNDA:0,(anonymous_18)
FNDA:0,(anonymous_19)
FNDA:0,logHandlerInvocation
FNDA:0,logResponse
FNDA:0,logTiming
FNDA:0,logServiceCall
FNDA:0,logSecurityEvent
FNDA:0,logCreditOperation
FNDA:0,clearLogContext
DA:13,0
DA:22,0
DA:25,0
DA:33,0
DA:47,0
DA:48,0
DA:56,0
DA:59,0
DA:61,0
DA:62,0
DA:66,0
DA:67,0
DA:71,0
DA:72,0
DA:76,0
DA:77,0
DA:81,0
DA:84,0
DA:87,0
DA:88,0
DA:90,0
DA:91,0
DA:95,0
DA:96,0
DA:100,0
DA:101,0
DA:105,0
DA:106,0
DA:110,0
DA:113,0
DA:135,0
DA:136,0
DA:141,0
DA:147,0
DA:153,0
DA:160,0
DA:167,0
DA:174,0
DA:175,0
DA:184,0
DA:195,0
DA:200,0
DA:207,0
DA:220,0
DA:225,0
DA:237,0
DA:242,0
DA:254,0
DA:261,0
DA:271,0
DA:272,0
DA:274,0
DA:281,0
DA:285,0
DA:292,0
DA:293,0
DA:294,0
DA:296,0
DA:303,0
DA:308,0
DA:316,0
DA:317,0
DA:319,0
DA:326,0
DA:327,0
DA:331,0
LF:66
LH:0
BRDA:22,0,0,0
BRDA:22,0,1,0
BRDA:22,1,0,0
BRDA:22,1,1,0
BRDA:27,2,0,0
BRDA:27,2,1,0
BRDA:28,3,0,0
BRDA:28,3,1,0
BRDA:29,4,0,0
BRDA:29,4,1,0
BRDA:61,5,0,0
BRDA:66,6,0,0
BRDA:71,7,0,0
BRDA:76,8,0,0
BRDA:90,9,0,0
BRDA:95,10,0,0
BRDA:100,11,0,0
BRDA:105,12,0,0
BRDA:174,13,0,0
BRDA:174,13,1,0
BRDA:271,14,0,0
BRDA:271,14,1,0
BRDA:292,15,0,0
BRDA:292,15,1,0
BRDA:292,15,2,0
BRDA:293,16,0,0
BRDA:293,16,1,0
BRDA:316,17,0,0
BRDA:316,17,1,0
BRF:29
BRH:0
end_of_record
TN:
SF:src/lib/multilingual-description.ts
FN:145,(anonymous_0)
FN:147,(anonymous_1)
FN:157,(anonymous_2)
FN:182,(anonymous_3)
FN:241,(anonymous_4)
FN:255,(anonymous_5)
FN:283,(anonymous_6)
FN:313,(anonymous_7)
FN:326,(anonymous_8)
FN:348,(anonymous_9)
FN:370,(anonymous_10)
FN:398,(anonymous_11)
FN:406,(anonymous_12)
FN:440,(anonymous_13)
FN:456,(anonymous_14)
FN:489,(anonymous_15)
FN:505,(anonymous_16)
FN:546,(anonymous_17)
FN:562,(anonymous_18)
FNF:19
FNH:0
FNDA:0,(anonymous_0)
FNDA:0,(anonymous_1)
FNDA:0,(anonymous_2)
FNDA:0,(anonymous_3)
FNDA:0,(anonymous_4)
FNDA:0,(anonymous_5)
FNDA:0,(anonymous_6)
FNDA:0,(anonymous_7)
FNDA:0,(anonymous_8)
FNDA:0,(anonymous_9)
FNDA:0,(anonymous_10)
FNDA:0,(anonymous_11)
FNDA:0,(anonymous_12)
FNDA:0,(anonymous_13)
FNDA:0,(anonymous_14)
FNDA:0,(anonymous_15)
FNDA:0,(anonymous_16)
FNDA:0,(anonymous_17)
FNDA:0,(anonymous_18)
DA:10,0
DA:11,0
DA:51,0
DA:142,0
DA:148,0
DA:149,0
DA:151,0
DA:163,0
DA:164,0
DA:167,0
DA:168,0
DA:176,0
DA:188,0
DA:189,0
DA:192,0
DA:195,0
DA:198,0
DA:204,0
DA:205,0
DA:217,0
DA:218,0
DA:221,0
DA:222,0
DA:226,0
DA:246,0
DA:247,0
DA:249,0
DA:260,0
DA:261,0
DA:263,0
DA:266,0
DA:267,0
DA:268,0
DA:272,0
DA:273,0
DA:274,0
DA:277,0
DA:284,0
DA:286,0
DA:287,0
DA:289,0
DA:307,0
DA:314,0
DA:320,0
DA:331,0
DA:332,0
DA:335,0
DA:336,0
DA:339,0
DA:340,0
DA:343,0
DA:344,0
DA:347,0
DA:348,0
DA:352,0
DA:360,0
DA:363,0
DA:364,0
DA:375,0
DA:378,0
DA:381,0
DA:382,0
DA:385,0
DA:386,0
DA:389,0
DA:390,0
DA:392,0
DA:399,0
DA:400,0
DA:407,0
DA:433,0
DA:434,0
DA:441,0
DA:450,0
DA:457,0
DA:482,0
DA:483,0
DA:490,0
DA:499,0
DA:511,0
DA:514,0
DA:515,0
DA:519,0
DA:520,0
DA:522,0
DA:532,0
DA:540,0
DA:547,0
DA:548,0
DA:550,0
DA:551,0
DA:552,0
DA:556,0
DA:563,0
DA:564,0
DA:566,0
DA:567,0
DA:568,0
DA:572,0
DA:577,0
LF:100
LH:0
BRDA:148,0,0,0
BRDA:159,1,0,0
BRDA:160,2,0,0
BRDA:161,3,0,0
BRDA:204,4,0,0
BRDA:204,5,0,0
BRDA:204,5,1,0
BRDA:217,6,0,0
BRDA:221,7,0,0
BRDA:247,8,0,0
BRDA:247,8,1,0
BRDA:261,9,0,0
BRDA:261,9,1,0
BRDA:266,10,0,0
BRDA:272,11,0,0
BRDA:272,12,0,0
BRDA:272,12,1,0
BRDA:284,13,0,0
BRDA:290,14,0,0
BRDA:290,14,1,0
BRDA:292,15,0,0
BRDA:292,15,1,0
BRDA:295,16,0,0
BRDA:295,16,1,0
BRDA:297,17,0,0
BRDA:297,17,1,0
BRDA:300,18,0,0
BRDA:300,18,1,0
BRDA:302,19,0,0
BRDA:302,19,1,0
BRDA:307,20,0,0
BRDA:307,20,1,0
BRDA:320,21,0,0
BRDA:320,21,1,0
BRDA:331,22,0,0
BRDA:331,22,1,0
BRDA:335,23,0,0
BRDA:339,24,0,0
BRDA:343,25,0,0
BRDA:347,26,0,0
BRDA:360,27,0,0
BRDA:360,27,1,0
BRDA:381,28,0,0
BRDA:381,28,1,0
BRDA:389,29,0,0
BRDA:389,29,1,0
BRDA:400,30,0,0
BRDA:400,30,1,0
BRDA:434,31,0,0
BRDA:434,31,1,0
BRDA:434,31,2,0
BRDA:450,32,0,0
BRDA:450,32,1,0
BRDA:482,33,0,0
BRDA:482,33,1,0
BRDA:483,34,0,0
BRDA:483,34,1,0
BRDA:499,35,0,0
BRDA:499,35,1,0
BRDA:508,36,0,0
BRDA:509,37,0,0
BRDA:514,38,0,0
BRDA:520,39,0,0
BRDA:520,40,0,0
BRDA:520,40,1,0
BRDA:524,41,0,0
BRDA:524,41,1,0
BRDA:526,42,0,0
BRDA:526,42,1,0
BRDA:551,43,0,0
BRDA:567,44,0,0
BRF:71
BRH:0
end_of_record
TN:
SF:src/lib/rate-limiter.ts
FN:143,generateKeys
FN:155,generateKey
FN:163,getWindowStart
FN:171,checkRateLimit
FN:285,checkBurstLimit
FN:340,getRateLimitStatus
FN:388,withRateLimit
FN:392,(anonymous_7)
FN:470,getTenantRateLimits
FN:505,(anonymous_9)
FN:525,getTenantRateLimitStats
FNF:11
FNH:0
FNDA:0,generateKeys
FNDA:0,generateKey
FNDA:0,getWindowStart
FNDA:0,checkRateLimit
FNDA:0,checkBurstLimit
FNDA:0,getRateLimitStatus
FNDA:0,withRateLimit
FNDA:0,(anonymous_7)
FNDA:0,getTenantRateLimits
FNDA:0,(anonymous_9)
FNDA:0,getTenantRateLimitStats
DA:20,0
DA:27,0
DA:73,0
DA:99,0
DA:116,0
DA:123,0
DA:144,0
DA:147,0
DA:148,0
DA:156,0
DA:157,0
DA:164,0
DA:165,0
DA:171,0
DA:175,0
DA:181,0
DA:182,0
DA:183,0
DA:185,0
DA:188,0
DA:192,0
DA:202,0
DA:213,0
DA:214,0
DA:215,0
DA:218,0
DA:230,0
DA:231,0
DA:232,0
DA:233,0
DA:236,0
DA:237,0
DA:238,0
DA:239,0
DA:242,0
DA:244,0
DA:245,0
DA:255,0
DA:265,0
DA:272,0
DA:289,0
DA:290,0
DA:293,0
DA:295,0
DA:298,0
DA:299,0
DA:301,0
DA:302,0
DA:325,0
DA:326,0
DA:332,0
DA:333,0
DA:340,0
DA:344,0
DA:350,0
DA:351,0
DA:353,0
DA:354,0
DA:362,0
DA:363,0
DA:364,0
DA:366,0
DA:374,0
DA:375,0
DA:388,0
DA:392,0
DA:394,0
DA:397,0
DA:400,0
DA:401,0
DA:402,0
DA:420,0
DA:421,0
DA:422,0
DA:423,0
DA:442,0
DA:445,0
DA:446,0
DA:454,0
DA:470,0
DA:481,0
DA:483,0
DA:484,0
DA:497,0
DA:498,0
DA:499,0
DA:500,0
DA:503,0
DA:505,0
DA:514,0
DA:515,0
DA:525,0
DA:531,0
DA:533,0
DA:534,0
DA:535,0
DA:537,0
DA:538,0
DA:539,0
DA:540,0
DA:541,0
DA:545,0
DA:557,0
LF:103
LH:0
BRDA:117,0,0,0
BRDA:117,0,1,0
BRDA:123,1,0,0
BRDA:123,1,1,0
BRDA:123,1,2,0
BRDA:144,2,0,0
BRDA:144,2,1,0
BRDA:175,3,0,0
BRDA:175,3,1,0
BRDA:176,4,0,0
BRDA:176,4,1,0
BRDA:177,5,0,0
BRDA:177,5,1,0
BRDA:178,6,0,0
BRDA:178,6,1,0
BRDA:188,7,0,0
BRDA:188,7,1,0
BRDA:209,8,0,0
BRDA:209,8,1,0
BRDA:213,9,0,0
BRDA:230,10,0,0
BRDA:230,10,1,0
BRDA:237,11,0,0
BRDA:237,12,0,0
BRDA:237,12,1,0
BRDA:242,13,0,0
BRDA:242,13,1,0
BRDA:244,14,0,0
BRDA:261,15,0,0
BRDA:261,15,1,0
BRDA:289,16,0,0
BRDA:289,17,0,0
BRDA:289,17,1,0
BRDA:295,18,0,0
BRDA:295,18,1,0
BRDA:325,19,0,0
BRDA:325,19,1,0
BRDA:344,20,0,0
BRDA:344,20,1,0
BRDA:345,21,0,0
BRDA:345,21,1,0
BRDA:346,22,0,0
BRDA:346,22,1,0
BRDA:347,23,0,0
BRDA:347,23,1,0
BRDA:362,24,0,0
BRDA:362,24,1,0
BRDA:394,25,0,0
BRDA:394,25,1,0
BRDA:394,25,2,0
BRDA:401,26,0,0
BRDA:406,27,0,0
BRDA:406,27,1,0
BRDA:420,28,0,0
BRDA:422,29,0,0
BRDA:427,30,0,0
BRDA:427,30,1,0
BRDA:445,31,0,0
BRDA:445,32,0,0
BRDA:445,32,1,0
BRDA:493,33,0,0
BRDA:493,33,1,0
BRDA:497,34,0,0
BRDA:505,35,0,0
BRDA:505,35,1,0
BRDA:506,36,0,0
BRDA:506,36,1,0
BRDA:507,37,0,0
BRDA:507,37,1,0
BRDA:509,38,0,0
BRDA:509,38,1,0
BRDA:510,39,0,0
BRDA:510,39,1,0
BRDA:511,40,0,0
BRDA:511,40,1,0
BRDA:539,41,0,0
BRDA:539,41,1,0
BRDA:540,42,0,0
BRF:78
BRH:0
end_of_record
TN:
SF:src/lib/sales-intelligence-types.ts
FN:367,isSalesRecord
FN:386,isEmbeddingVector
FN:391,(anonymous_2)
FN:402,validateSalesRecord
FN:460,validateEmbedding
FN:467,(anonymous_5)
FN:469,(anonymous_6)
FN:494,createSalesRecord
FN:510,createEmbeddingVector
FNF:9
FNH:0
FNDA:0,isSalesRecord
FNDA:0,isEmbeddingVector
FNDA:0,(anonymous_2)
FNDA:0,validateSalesRecord
FNDA:0,validateEmbedding
FNDA:0,(anonymous_5)
FNDA:0,(anonymous_6)
FNDA:0,createSalesRecord
FNDA:0,createEmbeddingVector
DA:367,0
DA:368,0
DA:369,0
DA:370,0
DA:386,0
DA:387,0
DA:388,0
DA:389,0
DA:391,0
DA:402,0
DA:403,0
DA:405,0
DA:406,0
DA:409,0
DA:410,0
DA:413,0
DA:414,0
DA:417,0
DA:418,0
DA:421,0
DA:422,0
DA:425,0
DA:426,0
DA:429,0
DA:430,0
DA:433,0
DA:434,0
DA:437,0
DA:438,0
DA:441,0
DA:442,0
DA:445,0
DA:446,0
DA:449,0
DA:450,0
DA:453,0
DA:454,0
DA:457,0
DA:460,0
DA:461,0
DA:463,0
DA:464,0
DA:465,0
DA:466,0
DA:467,0
DA:468,0
DA:469,0
DA:470,0
DA:473,0
DA:474,0
DA:476,0
DA:477,0
DA:479,0
DA:480,0
DA:482,0
DA:483,0
DA:487,0
DA:494,0
DA:497,0
DA:498,0
DA:500,0
DA:510,0
DA:516,0
LF:63
LH:0
BRDA:368,0,0,0
BRDA:368,1,0,0
BRDA:368,1,1,0
BRDA:371,2,0,0
BRDA:371,2,1,0
BRDA:371,2,2,0
BRDA:371,2,3,0
BRDA:371,2,4,0
BRDA:371,2,5,0
BRDA:371,2,6,0
BRDA:371,2,7,0
BRDA:371,2,8,0
BRDA:371,2,9,0
BRDA:371,2,10,0
BRDA:371,2,11,0
BRDA:387,3,0,0
BRDA:387,4,0,0
BRDA:387,4,1,0
BRDA:390,5,0,0
BRDA:390,5,1,0
BRDA:390,5,2,0
BRDA:390,5,3,0
BRDA:390,5,4,0
BRDA:405,6,0,0
BRDA:405,7,0,0
BRDA:405,7,1,0
BRDA:409,8,0,0
BRDA:409,9,0,0
BRDA:409,9,1,0
BRDA:413,10,0,0
BRDA:413,11,0,0
BRDA:413,11,1,0
BRDA:417,12,0,0
BRDA:417,13,0,0
BRDA:417,13,1,0
BRDA:421,14,0,0
BRDA:421,15,0,0
BRDA:421,15,1,0
BRDA:425,16,0,0
BRDA:425,17,0,0
BRDA:425,17,1,0
BRDA:429,18,0,0
BRDA:429,19,0,0
BRDA:429,19,1,0
BRDA:433,20,0,0
BRDA:433,21,0,0
BRDA:433,21,1,0
BRDA:433,21,2,0
BRDA:437,22,0,0
BRDA:437,23,0,0
BRDA:437,23,1,0
BRDA:441,24,0,0
BRDA:441,25,0,0
BRDA:441,25,1,0
BRDA:445,26,0,0
BRDA:445,27,0,0
BRDA:445,27,1,0
BRDA:449,28,0,0
BRDA:449,29,0,0
BRDA:449,29,1,0
BRDA:453,30,0,0
BRDA:453,31,0,0
BRDA:453,31,1,0
BRDA:463,32,0,0
BRDA:463,32,1,0
BRDA:465,33,0,0
BRDA:465,33,1,0
BRDA:467,34,0,0
BRDA:467,34,1,0
BRDA:469,35,0,0
BRDA:473,36,0,0
BRDA:473,36,1,0
BRDA:476,37,0,0
BRDA:476,38,0,0
BRDA:476,38,1,0
BRDA:479,39,0,0
BRDA:479,40,0,0
BRDA:479,40,1,0
BRDA:482,41,0,0
BRDA:482,42,0,0
BRDA:482,42,1,0
BRDA:514,43,0,0
BRF:82
BRH:0
end_of_record
TN:
SF:src/lib/smartgo-client.ts
FN:71,loadSmartGoConfig
FN:128,querySmartGoSales
FN:211,querySmartGoSalesViaAPI
FN:272,validateSmartGoConfig
FNF:4
FNH:0
FNDA:0,loadSmartGoConfig
FNDA:0,querySmartGoSales
FNDA:0,querySmartGoSalesViaAPI
FNDA:0,validateSmartGoConfig
DA:14,0
DA:71,0
DA:72,0
DA:74,0
DA:75,0
DA:76,0
DA:83,0
DA:84,0
DA:87,0
DA:90,0
DA:91,0
DA:94,0
DA:101,0
DA:103,0
DA:104,0
DA:108,0
DA:128,0
DA:132,0
DA:134,0
DA:198,0
DA:211,0
DA:215,0
DA:216,0
DA:219,0
DA:221,0
DA:226,0
DA:227,0
DA:228,0
DA:229,0
DA:230,0
DA:232,0
DA:242,0
DA:243,0
DA:246,0
DA:248,0
DA:253,0
DA:255,0
DA:256,0
DA:260,0
DA:272,0
DA:274,0
DA:275,0
DA:276,0
DA:280,0
DA:281,0
DA:283,0
DA:284,0
DA:285,0
DA:289,0
DA:290,0
DA:291,0
DA:294,0
LF:52
LH:0
BRDA:71,0,0,0
BRDA:71,1,0,0
BRDA:71,1,1,0
BRDA:72,2,0,0
BRDA:72,2,1,0
BRDA:83,3,0,0
BRDA:90,4,0,0
BRDA:90,5,0,0
BRDA:90,5,1,0
BRDA:90,5,2,0
BRDA:98,6,0,0
BRDA:98,6,1,0
BRDA:103,7,0,0
BRDA:103,7,1,0
BRDA:215,8,0,0
BRDA:215,9,0,0
BRDA:215,9,1,0
BRDA:242,10,0,0
BRDA:249,11,0,0
BRDA:249,11,1,0
BRDA:253,12,0,0
BRDA:253,12,1,0
BRDA:255,13,0,0
BRDA:255,13,1,0
BRDA:274,14,0,0
BRDA:274,15,0,0
BRDA:274,15,1,0
BRDA:280,16,0,0
BRDA:280,16,1,0
BRDA:281,17,0,0
BRDA:281,17,1,0
BRDA:283,18,0,0
BRDA:283,19,0,0
BRDA:283,19,1,0
BRDA:289,20,0,0
BRDA:289,21,0,0
BRDA:289,21,1,0
BRDA:289,21,2,0
BRF:38
BRH:0
end_of_record
TN:
SF:src/lib/suggestion-engine.ts
FN:38,(anonymous_0)
FN:42,(anonymous_1)
FN:52,(anonymous_2)
FN:127,(anonymous_3)
FN:172,(anonymous_4)
FN:184,(anonymous_5)
FN:193,(anonymous_6)
FN:194,(anonymous_7)
FN:202,(anonymous_8)
FN:236,(anonymous_9)
FN:241,(anonymous_10)
FN:252,(anonymous_11)
FN:260,(anonymous_12)
FN:261,(anonymous_13)
FN:262,(anonymous_14)
FN:267,(anonymous_15)
FN:290,(anonymous_16)
FN:306,(anonymous_17)
FN:317,(anonymous_18)
FN:328,(anonymous_19)
FN:349,(anonymous_20)
FN:361,(anonymous_21)
FN:370,(anonymous_22)
FN:381,(anonymous_23)
FN:392,(anonymous_24)
FN:427,(anonymous_25)
FN:433,(anonymous_26)
FN:457,(anonymous_27)
FN:466,(anonymous_28)
FN:478,(anonymous_29)
FN:493,(anonymous_30)
FN:516,(anonymous_31)
FN:532,(anonymous_32)
FN:544,(anonymous_33)
FN:549,(anonymous_34)
FN:553,(anonymous_35)
FN:563,(anonymous_36)
FN:573,(anonymous_37)
FN:583,(anonymous_38)
FNF:39
FNH:0
FNDA:0,(anonymous_0)
FNDA:0,(anonymous_1)
FNDA:0,(anonymous_2)
FNDA:0,(anonymous_3)
FNDA:0,(anonymous_4)
FNDA:0,(anonymous_5)
FNDA:0,(anonymous_6)
FNDA:0,(anonymous_7)
FNDA:0,(anonymous_8)
FNDA:0,(anonymous_9)
FNDA:0,(anonymous_10)
FNDA:0,(anonymous_11)
FNDA:0,(anonymous_12)
FNDA:0,(anonymous_13)
FNDA:0,(anonymous_14)
FNDA:0,(anonymous_15)
FNDA:0,(anonymous_16)
FNDA:0,(anonymous_17)
FNDA:0,(anonymous_18)
FNDA:0,(anonymous_19)
FNDA:0,(anonymous_20)
FNDA:0,(anonymous_21)
FNDA:0,(anonymous_22)
FNDA:0,(anonymous_23)
FNDA:0,(anonymous_24)
FNDA:0,(anonymous_25)
FNDA:0,(anonymous_26)
FNDA:0,(anonymous_27)
FNDA:0,(anonymous_28)
FNDA:0,(anonymous_29)
FNDA:0,(anonymous_30)
FNDA:0,(anonymous_31)
FNDA:0,(anonymous_32)
FNDA:0,(anonymous_33)
FNDA:0,(anonymous_34)
FNDA:0,(anonymous_35)
FNDA:0,(anonymous_36)
FNDA:0,(anonymous_37)
FNDA:0,(anonymous_38)
DA:34,0
DA:36,0
DA:39,0
DA:43,0
DA:44,0
DA:46,0
DA:56,0
DA:59,0
DA:60,0
DA:70,0
DA:77,0
DA:80,0
DA:81,0
DA:82,0
DA:83,0
DA:87,0
DA:88,0
DA:89,0
DA:93,0
DA:94,0
DA:95,0
DA:99,0
DA:100,0
DA:101,0
DA:105,0
DA:108,0
DA:113,0
DA:115,0
DA:132,0
DA:133,0
DA:134,0
DA:135,0
DA:138,0
DA:143,0
DA:146,0
DA:148,0
DA:155,0
DA:176,0
DA:186,0
DA:191,0
DA:193,0
DA:194,0
DA:195,0
DA:196,0
DA:197,0
DA:204,0
DA:219,0
DA:220,0
DA:222,0
DA:237,0
DA:238,0
DA:242,0
DA:249,0
DA:254,0
DA:255,0
DA:256,0
DA:258,0
DA:260,0
DA:261,0
DA:262,0
DA:264,0
DA:268,0
DA:286,0
DA:287,0
DA:291,0
DA:302,0
DA:303,0
DA:307,0
DA:314,0
DA:318,0
DA:320,0
DA:321,0
DA:322,0
DA:323,0
DA:325,0
DA:329,0
DA:332,0
DA:333,0
DA:334,0
DA:338,0
DA:339,0
DA:340,0
DA:344,0
DA:346,0
DA:350,0
DA:358,0
DA:363,0
DA:364,0
DA:367,0
DA:371,0
DA:373,0
DA:374,0
DA:375,0
DA:378,0
DA:382,0
DA:384,0
DA:385,0
DA:386,0
DA:387,0
DA:389,0
DA:393,0
DA:419,0
DA:422,0
DA:423,0
DA:427,0
DA:428,0
DA:430,0
DA:434,0
DA:454,0
DA:458,0
DA:459,0
DA:461,0
DA:462,0
DA:463,0
DA:467,0
DA:475,0
DA:479,0
DA:490,0
DA:494,0
DA:512,0
DA:513,0
DA:517,0
DA:528,0
DA:529,0
DA:533,0
DA:541,0
DA:546,0
DA:547,0
DA:549,0
DA:550,0
DA:554,0
DA:556,0
DA:557,0
DA:558,0
DA:559,0
DA:560,0
DA:564,0
DA:566,0
DA:567,0
DA:568,0
DA:569,0
DA:570,0
DA:574,0
DA:575,0
DA:577,0
DA:578,0
DA:580,0
DA:584,0
DA:585,0
DA:586,0
DA:588,0
DA:589,0
DA:590,0
DA:595,0
LF:154
LH:0
BRDA:43,0,0,0
BRDA:54,1,0,0
BRDA:80,2,0,0
BRDA:87,3,0,0
BRDA:93,4,0,0
BRDA:99,5,0,0
BRDA:129,6,0,0
BRDA:174,7,0,0
BRDA:219,8,0,0
BRDA:219,8,1,0
BRDA:238,9,0,0
BRDA:238,9,1,0
BRDA:260,10,0,0
BRDA:261,11,0,0
BRDA:262,12,0,0
BRDA:287,13,0,0
BRDA:287,13,1,0
BRDA:303,14,0,0
BRDA:303,14,1,0
BRDA:314,15,0,0
BRDA:314,15,1,0
BRDA:320,16,0,0
BRDA:321,17,0,0
BRDA:322,18,0,0
BRDA:323,19,0,0
BRDA:332,20,0,0
BRDA:338,21,0,0
BRDA:373,22,0,0
BRDA:384,23,0,0
BRDA:385,24,0,0
BRDA:386,25,0,0
BRDA:387,26,0,0
BRDA:419,27,0,0
BRDA:419,27,1,0
BRDA:422,28,0,0
BRDA:454,29,0,0
BRDA:454,29,1,0
BRDA:461,30,0,0
BRDA:462,31,0,0
BRDA:475,32,0,0
BRDA:475,32,1,0
BRDA:490,33,0,0
BRDA:490,33,1,0
BRDA:513,34,0,0
BRDA:513,34,1,0
BRDA:529,35,0,0
BRDA:529,35,1,0
BRDA:549,36,0,0
BRDA:554,37,0,0
BRDA:557,38,0,0
BRDA:558,39,0,0
BRDA:559,40,0,0
BRDA:564,41,0,0
BRDA:567,42,0,0
BRDA:568,43,0,0
BRDA:569,44,0,0
BRDA:574,45,0,0
BRDA:574,46,0,0
BRDA:574,46,1,0
BRDA:577,47,0,0
BRDA:577,48,0,0
BRDA:577,48,1,0
BRDA:588,49,0,0
BRDA:589,50,0,0
BRF:64
BRH:0
end_of_record
TN:
SF:src/lib/types.ts
FN:5,(anonymous_0)
FN:23,(anonymous_1)
FN:40,(anonymous_2)
FN:97,(anonymous_3)
FN:123,(anonymous_4)
FN:144,(anonymous_5)
FN:148,(anonymous_6)
FN:182,(anonymous_7)
FN:185,(anonymous_8)
FN:188,(anonymous_9)
FN:279,(anonymous_10)
FN:404,(anonymous_11)
FN:444,(anonymous_12)
FNF:13
FNH:0
FNDA:0,(anonymous_0)
FNDA:0,(anonymous_1)
FNDA:0,(anonymous_2)
FNDA:0,(anonymous_3)
FNDA:0,(anonymous_4)
FNDA:0,(anonymous_5)
FNDA:0,(anonymous_6)
FNDA:0,(anonymous_7)
FNDA:0,(anonymous_8)
FNDA:0,(anonymous_9)
FNDA:0,(anonymous_10)
FNDA:0,(anonymous_11)
FNDA:0,(anonymous_12)
DA:2,0
DA:5,0
DA:6,0
DA:8,0
DA:9,0
DA:12,0
DA:13,0
DA:15,0
DA:23,0
DA:25,0
DA:26,0
DA:30,0
DA:31,0
DA:35,0
DA:36,0
DA:37,0
DA:40,0
DA:41,0
DA:45,0
DA:48,0
DA:51,0
DA:54,0
DA:57,0
DA:60,0
DA:63,0
DA:66,0
DA:67,0
DA:68,0
DA:71,0
DA:74,0
DA:77,0
DA:81,0
DA:82,0
DA:91,0
DA:94,0
DA:97,0
DA:98,0
DA:99,0
DA:102,0
DA:103,0
DA:107,0
DA:108,0
DA:109,0
DA:110,0
DA:114,0
DA:123,0
DA:124,0
DA:125,0
DA:128,0
DA:130,0
DA:134,0
DA:135,0
DA:138,0
DA:144,0
DA:148,0
DA:182,0
DA:185,0
DA:190,0
DA:191,0
DA:192,0
DA:279,0
DA:289,0
DA:302,0
DA:309,0
DA:323,0
DA:345,0
DA:352,0
DA:401,0
DA:404,0
DA:434,0
DA:444,0
LF:71
LH:0
BRDA:9,0,0,0
BRDA:25,1,0,0
BRDA:25,2,0,0
BRDA:25,2,1,0
BRDA:25,2,2,0
BRDA:30,3,0,0
BRDA:30,4,0,0
BRDA:30,4,1,0
BRDA:36,5,0,0
BRDA:40,6,0,0
BRDA:45,7,0,0
BRDA:48,8,0,0
BRDA:48,9,0,0
BRDA:48,9,1,0
BRDA:48,9,2,0
BRDA:51,10,0,0
BRDA:51,11,0,0
BRDA:51,11,1,0
BRDA:54,12,0,0
BRDA:57,13,0,0
BRDA:57,14,0,0
BRDA:57,14,1,0
BRDA:60,15,0,0
BRDA:60,16,0,0
BRDA:60,16,1,0
BRDA:60,16,2,0
BRDA:63,17,0,0
BRDA:63,18,0,0
BRDA:63,18,1,0
BRDA:63,18,2,0
BRDA:66,19,0,0
BRDA:66,20,0,0
BRDA:66,20,1,0
BRDA:66,20,2,0
BRDA:67,21,0,0
BRDA:67,22,0,0
BRDA:67,22,1,0
BRDA:67,22,2,0
BRDA:68,23,0,0
BRDA:68,24,0,0
BRDA:68,24,1,0
BRDA:68,24,2,0
BRDA:71,25,0,0
BRDA:71,26,0,0
BRDA:71,26,1,0
BRDA:74,27,0,0
BRDA:77,28,0,0
BRDA:77,29,0,0
BRDA:77,29,1,0
BRDA:77,29,2,0
BRDA:77,29,3,0
BRDA:82,30,0,0
BRDA:83,31,0,0
BRDA:83,31,1,0
BRDA:83,31,2,0
BRDA:83,31,3,0
BRDA:83,31,4,0
BRDA:83,31,5,0
BRDA:83,31,6,0
BRDA:102,32,0,0
BRDA:108,33,0,0
BRDA:123,34,0,0
BRDA:123,35,0,0
BRDA:123,35,1,0
BRDA:182,36,0,0
BRDA:182,36,1,0
BRDA:185,37,0,0
BRDA:185,37,1,0
BRDA:192,38,0,0
BRDA:192,38,1,0
BRDA:192,38,2,0
BRDA:192,38,3,0
BRF:72
BRH:0
end_of_record
TN:
SF:src/lib/validation.ts
FN:18,(anonymous_0)
FN:33,validateRequest
FN:48,(anonymous_2)
FN:91,validatePathParams
FN:106,(anonymous_4)
FN:127,sanitizeString
FN:144,validateBase64Size
FNF:7
FNH:0
FNDA:0,(anonymous_0)
FNDA:0,validateRequest
FNDA:0,(anonymous_2)
FNDA:0,validatePathParams
FNDA:0,(anonymous_4)
FNDA:0,sanitizeString
FNDA:0,validateBase64Size
DA:14,0
DA:19,0
DA:20,0
DA:21,0
DA:22,0
DA:33,0
DA:38,0
DA:39,0
DA:41,0
DA:42,0
DA:46,0
DA:48,0
DA:54,0
DA:60,0
DA:70,0
DA:75,0
DA:91,0
DA:96,0
DA:97,0
DA:106,0
DA:108,0
DA:109,0
DA:119,0
DA:127,0
DA:128,0
DA:130,0
DA:144,0
DA:145,0
DA:147,0
DA:148,0
DA:150,0
DA:158,0
DA:160,0
DA:165,0
DA:166,0
DA:168,0
DA:170,0
DA:172,0
DA:176,0
DA:179,0
DA:180,0
DA:183,0
DA:184,0
LF:43
LH:0
BRDA:18,0,0,0
BRDA:36,1,0,0
BRDA:41,2,0,0
BRDA:41,2,1,0
BRDA:72,3,0,0
BRDA:72,3,1,0
BRDA:94,4,0,0
BRDA:96,5,0,0
BRDA:108,6,0,0
BRDA:128,7,0,0
BRDA:144,8,0,0
BRDA:162,9,0,0
BRDA:163,10,0,0
BRDA:170,11,0,0
BRDA:170,12,0,0
BRDA:170,12,1,0
BRDA:179,13,0,0
BRF:17
BRH:0
end_of_record
TN:
SF:src/lib/auth/jwt-validator.ts
FN:16,(anonymous_0)
FN:55,(anonymous_1)
FN:68,getCognitoConfigForTenant
FN:73,(anonymous_3)
FN:85,getJWKSClient
FN:106,extractTokenFromHeader
FN:129,validateJWT
FN:269,validateJWTFromEvent
FN:336,hasRequiredRole
FN:344,(anonymous_9)
FNF:10
FNH:0
FNDA:0,(anonymous_0)
FNDA:0,(anonymous_1)
FNDA:0,getCognitoConfigForTenant
FNDA:0,(anonymous_3)
FNDA:0,getJWKSClient
FNDA:0,extractTokenFromHeader
FNDA:0,validateJWT
FNDA:0,validateJWTFromEvent
FNDA:0,hasRequiredRole
FNDA:0,(anonymous_9)
DA:9,0
DA:10,0
DA:11,0
DA:12,0
DA:16,0
DA:17,0
DA:18,0
DA:39,0
DA:55,0
DA:58,0
DA:68,0
DA:69,0
DA:73,0
DA:74,0
DA:79,0
DA:86,0
DA:88,0
DA:89,0
DA:90,0
DA:94,0
DA:95,0
DA:100,0
DA:106,0
DA:107,0
DA:108,0
DA:112,0
DA:113,0
DA:114,0
DA:118,0
DA:129,0
DA:134,0
DA:137,0
DA:138,0
DA:141,0
DA:142,0
DA:143,0
DA:147,0
DA:150,0
DA:152,0
DA:153,0
DA:154,0
DA:155,0
DA:156,0
DA:159,0
DA:169,0
DA:170,0
DA:176,0
DA:180,0
DA:186,0
DA:189,0
DA:190,0
DA:191,0
DA:192,0
DA:194,0
DA:195,0
DA:196,0
DA:203,0
DA:204,0
DA:209,0
[...]
DA:83,0
DA:84,0
DA:86,0
DA:88,0
DA:89,0
LF:34
LH:0
BRDA:19,0,0,0
BRDA:26,1,0,0
BRDA:26,2,0,0
BRDA:26,2,1,0
BRDA:42,3,0,0
BRDA:66,4,0,0
BRF:6
BRH:0
end_of_record
TN:
SF:src/lib/routing/model-router.ts
FN:46,calculateComplexityScore
FN:88,routeToModel
FN:142,getRoutingExplanation
FN:157,validateRoutingDistribution
FN:166,(anonymous_4)
FN:167,(anonymous_5)
FN:168,(anonymous_6)
FNF:7
FNH:0
FNDA:0,calculateComplexityScore
FNDA:0,routeToModel
FNDA:0,getRoutingExplanation
FNDA:0,validateRoutingDistribution
FNDA:0,(anonymous_4)
FNDA:0,(anonymous_5)
FNDA:0,(anonymous_6)
DA:11,0
DA:50,0
DA:53,0
DA:54,0
DA:55,0
DA:56,0
DA:59,0
DA:60,0
DA:61,0
DA:64,0
DA:67,0
DA:68,0
DA:69,0
DA:70,0
DA:72,0
DA:88,0
DA:92,0
DA:93,0
DA:94,0
DA:97,0
DA:99,0
DA:110,0
DA:112,0
DA:125,0
DA:142,0
DA:143,0
DA:144,0
DA:157,0
DA:164,0
DA:165,0
DA:166,0
DA:167,0
DA:168,0
DA:171,0
DA:177,0
DA:180,0
DA:181,0
DA:183,0
DA:184,0
DA:186,0
DA:187,0
DA:190,0
LF:42
LH:0
BRDA:54,0,0,0
BRDA:54,0,1,0
BRDA:55,1,0,0
BRDA:55,1,1,0
BRDA:56,2,0,0
BRDA:60,3,0,0
BRDA:60,3,1,0
BRDA:61,4,0,0
BRDA:64,5,0,0
BRDA:67,6,0,0
BRDA:68,7,0,0
BRDA:69,8,0,0
BRDA:70,9,0,0
BRDA:90,10,0,0
BRDA:97,11,0,0
BRDA:97,11,1,0
BRDA:103,12,0,0
BRDA:103,12,1,0
BRDA:110,13,0,0
BRDA:110,13,1,0
BRDA:116,14,0,0
BRDA:116,14,1,0
BRDA:180,15,0,0
BRDA:180,16,0,0
BRDA:180,16,1,0
BRDA:183,17,0,0
BRDA:183,18,0,0
BRDA:183,18,1,0
BRDA:186,19,0,0
BRF:29
BRH:0
end_of_record
TN:
SF:src/lib/s3/permissions-manager.ts
FN:23,(anonymous_0)
FN:37,(anonymous_1)
FN:122,(anonymous_2)
FN:153,(anonymous_3)
FN:178,(anonymous_4)
FN:190,(anonymous_5)
FN:200,(anonymous_6)
FN:213,(anonymous_7)
FN:223,(anonymous_8)
FN:249,(anonymous_9)
FN:289,(anonymous_10)
FNF:11
FNH:0
FNDA:0,(anonymous_0)
FNDA:0,(anonymous_1)
FNDA:0,(anonymous_2)
FNDA:0,(anonymous_3)
FNDA:0,(anonymous_4)
FNDA:0,(anonymous_5)
FNDA:0,(anonymous_6)
FNDA:0,(anonymous_7)
FNDA:0,(anonymous_8)
FNDA:0,(anonymous_9)
FNDA:0,(anonymous_10)
DA:1,0
DA:19,0
DA:24,0
DA:31,0
DA:38,0
DA:40,0
DA:116,0
DA:123,0
DA:124,0
DA:126,0
DA:131,0
DA:133,0
DA:140,0
DA:146,0
DA:154,0
DA:155,0
DA:159,0
DA:160,0
DA:162,0
DA:163,0
DA:164,0
DA:167,0
DA:171,0
DA:183,0
DA:184,0
DA:186,0
DA:187,0
DA:190,0
DA:191,0
DA:194,0
DA:195,0
DA:196,0
DA:200,0
DA:201,0
DA:207,0
DA:208,0
DA:209,0
DA:213,0
DA:214,0
DA:217,0
DA:218,0
DA:219,0
DA:223,0
DA:224,0
DA:230,0
DA:231,0
DA:232,0
DA:236,0
DA:239,0
DA:250,0
DA:298,0
DA:299,0
DA:304,0
DA:305,0
DA:306,0
DA:307,0
DA:309,0
LF:57
LH:0
BRDA:25,0,0,0
BRDA:25,0,1,0
BRDA:25,0,2,0
BRDA:38,1,0,0
BRDA:38,1,1,0
BRDA:144,2,0,0
BRDA:144,2,1,0
BRDA:146,3,0,0
BRDA:146,3,1,0
BRDA:160,4,0,0
BRDA:160,4,1,0
BRDA:162,5,0,0
BRDA:191,6,0,0
BRDA:191,6,1,0
BRDA:191,6,2,0
BRDA:194,7,0,0
BRDA:201,8,0,0
BRDA:201,8,1,0
BRDA:201,8,2,0
BRDA:201,8,3,0
BRDA:201,8,4,0
BRDA:207,9,0,0
BRDA:214,10,0,0
BRDA:214,10,1,0
BRDA:217,11,0,0
BRDA:224,12,0,0
BRDA:224,12,1,0
BRDA:224,12,2,0
BRDA:224,12,3,0
BRDA:230,13,0,0
BRDA:299,14,0,0
BRDA:299,14,1,0
BRDA:306,15,0,0
BRDA:306,15,1,0
BRDA:306,16,0,0
BRDA:306,16,1,0
BRDA:307,17,0,0
BRDA:307,17,1,0
BRDA:307,18,0,0
BRDA:307,18,1,0
BRF:40
BRH:0
end_of_record
TN:
SF:src/lib/sales-intelligence/backfill-ttl.ts
FN:98,backfillTTL
FN:254,calculateTTL
FN:303,(anonymous_2)
FN:312,(anonymous_3)
FN:315,(anonymous_4)
FNF:5
FNH:0
FNDA:0,backfillTTL
FNDA:0,calculateTTL
FNDA:0,(anonymous_2)
FNDA:0,(anonymous_3)
FNDA:0,(anonymous_4)
DA:25,0
DA:32,0
DA:98,0
DA:113,0
DA:116,0
DA:117,0
DA:118,0
DA:121,0
DA:122,0
DA:123,0
DA:124,0
DA:125,0
DA:126,0
DA:129,0
DA:132,0
DA:133,0
DA:135,0
DA:137,0
DA:145,0
DA:146,0
DA:149,0
DA:150,0
DA:153,0
DA:154,0
DA:155,0
DA:159,0
DA:160,0
DA:161,0
DA:162,0
DA:163,0
DA:167,0
DA:170,0
DA:171,0
DA:172,0
DA:185,0
DA:186,0
DA:187,0
DA:189,0
DA:190,0
DA:196,0
DA:200,0
DA:201,0
DA:202,0
DA:203,0
DA:204,0
DA:206,0
DA:216,0
DA:223,0
DA:226,0
DA:229,0
DA:230,0
DA:231,0
DA:232,0
DA:233,0
DA:234,0
DA:235,0
DA:237,0
DA:255,0
DA:258,0
DA:259,0
DA:263,0
DA:266,0
DA:275,0
DA:277,0
DA:278,0
DA:280,0
DA:281,0
DA:282,0
DA:284,0
DA:285,0
DA:287,0
DA:292,0
DA:293,0
DA:294,0
DA:298,0
DA:304,0
DA:307,0
DA:313,0
DA:316,0
DA:317,0
DA:321,0
LF:81
LH:0
BRDA:108,0,0,0
BRDA:109,1,0,0
BRDA:110,2,0,0
BRDA:111,3,0,0
BRDA:116,4,0,0
BRDA:117,5,0,0
BRDA:117,6,0,0
BRDA:117,6,1,0
BRDA:149,7,0,0
BRDA:149,7,1,0
BRDA:153,8,0,0
BRDA:160,9,0,0
BRDA:170,10,0,0
BRDA:170,10,1,0
BRDA:200,11,0,0
BRDA:203,12,0,0
BRDA:203,12,1,0
BRDA:258,13,0,0
BRDA:275,14,0,0
BRDA:284,15,0,0
BRDA:284,15,1,0
BRDA:284,16,0,0
BRDA:284,16,1,0
BRDA:292,17,0,0
BRDA:300,18,0,0
BRDA:300,18,1,0
BRDA:302,19,0,0
BRDA:302,19,1,0
BRDA:304,20,0,0
BRDA:304,20,1,0
BRDA:313,21,0,0
BRDA:313,21,1,0
BRF:32
BRH:0
end_of_record
TN:
SF:src/lib/sales-intelligence/embedding-storage.ts
FN:74,(anonymous_0)
FN:99,(anonymous_1)
FN:126,(anonymous_2)
FN:134,(anonymous_3)
FN:171,(anonymous_4)
FN:176,(anonymous_5)
FN:208,(anonymous_6)
FN:262,(anonymous_7)
FN:283,(anonymous_8)
FN:290,(anonymous_9)
FNF:10
FNH:0
FNDA:0,(anonymous_0)
FNDA:0,(anonymous_1)
FNDA:0,(anonymous_2)
FNDA:0,(anonymous_3)
FNDA:0,(anonymous_4)
FNDA:0,(anonymous_5)
FNDA:0,(anonymous_6)
FNDA:0,(anonymous_7)
FNDA:0,(anonymous_8)
FNDA:0,(anonymous_9)
DA:15,0
DA:16,0
DA:57,0
DA:60,0
DA:69,0
DA:70,0
DA:71,0
DA:72,0
DA:75,0
DA:83,0
DA:84,0
DA:85,0
DA:86,0
DA:102,0
DA:103,0
DA:104,0
DA:106,0
DA:107,0
DA:110,0
DA:112,0
DA:113,0
DA:114,0
DA:117,0
DA:124,0
DA:125,0
DA:126,0
DA:127,0
DA:130,0
DA:132,0
DA:133,0
DA:134,0
DA:135,0
DA:136,0
DA:141,0
DA:144,0
DA:145,0
DA:146,0
DA:148,0
DA:155,0
DA:157,0
DA:161,0
DA:174,0
DA:176,0
DA:177,0
DA:179,0
DA:181,0
DA:182,0
DA:183,0
DA:185,0
DA:186,0
DA:187,0
DA:188,0
DA:196,0
DA:212,0
DA:213,0
DA:215,0
DA:216,0
DA:218,0
DA:219,0
DA:220,0
DA:224,0
DA:229,0
DA:231,0
DA:232,0
DA:233,0
DA:236,0
DA:237,0
DA:239,0
DA:240,0
DA:245,0
DA:248,0
DA:249,0
DA:254,0
DA:257,0
DA:259,0
DA:261,0
DA:262,0
DA:263,0
DA:266,0
DA:273,0
DA:277,0
DA:284,0
DA:291,0
LF:83
LH:0
BRDA:76,0,0,0
BRDA:83,1,0,0
BRDA:83,1,1,0
BRDA:84,2,0,0
BRDA:84,2,1,0
BRDA:85,3,0,0
BRDA:86,4,0,0
BRDA:106,5,0,0
BRDA:133,6,0,0
BRDA:185,7,0,0
BRDA:185,7,1,0
BRDA:185,8,0,0
BRDA:185,8,1,0
BRDA:187,9,0,0
BRDA:216,10,0,0
BRDA:219,11,0,0
BRDA:231,12,0,0
BRDA:239,13,0,0
BRDA:248,14,0,0
BRDA:261,15,0,0
BRF:20
BRH:0
end_of_record
TN:
SF:src/lib/sales-intelligence/index.ts
FN:75,(anonymous_0)
FN:94,(anonymous_1)
FN:95,(anonymous_2)
FN:96,(anonymous_3)
FN:97,(anonymous_4)
FN:98,(anonymous_5)
FN:99,(anonymous_6)
FN:104,(anonymous_7)
FN:105,(anonymous_8)
FN:106,(anonymous_9)
FN:107,(anonymous_10)
FN:108,(anonymous_11)
FN:109,(anonymous_12)
FN:110,(anonymous_13)
FN:111,(anonymous_14)
FN:112,(anonymous_15)
FN:113,(anonymous_16)
FN:117,(anonymous_17)
FN:121,(anonymous_18)
FN:122,(anonymous_19)
FN:123,(anonymous_20)
FN:123,(anonymous_21)
FNF:22
FNH:0
FNDA:0,(anonymous_0)
FNDA:0,(anonymous_1)
FNDA:0,(anonymous_2)
FNDA:0,(anonymous_3)
FNDA:0,(anonymous_4)
FNDA:0,(anonymous_5)
FNDA:0,(anonymous_6)
FNDA:0,(anonymous_7)
FNDA:0,(anonymous_8)
FNDA:0,(anonymous_9)
FNDA:0,(anonymous_10)
FNDA:0,(anonymous_11)
FNDA:0,(anonymous_12)
FNDA:0,(anonymous_13)
FNDA:0,(anonymous_14)
FNDA:0,(anonymous_15)
FNDA:0,(anonymous_16)
FNDA:0,(anonymous_17)
FNDA:0,(anonymous_18)
FNDA:0,(anonymous_19)
FNDA:0,(anonymous_20)
FNDA:0,(anonymous_21)
DA:75,0
DA:93,0
DA:94,0
DA:95,0
DA:96,0
DA:97,0
DA:98,0
DA:99,0
DA:103,0
DA:104,0
DA:105,0
DA:106,0
DA:107,0
DA:108,0
DA:109,0
DA:110,0
DA:111,0
DA:112,0
DA:113,0
DA:117,0
DA:121,0
DA:122,0
DA:123,0
LF:23
LH:0
BRF:0
BRH:0
end_of_record
TN:
SF:src/lib/sales-intelligence/sales-repository.ts
FN:118,(anonymous_0)
FN:136,(anonymous_1)
FN:201,(anonymous_2)
FN:247,(anonymous_3)
FN:256,(anonymous_4)
FN:265,(anonymous_5)
FN:297,(anonymous_6)
FN:326,(anonymous_7)
FN:329,(anonymous_8)
FN:360,(anonymous_9)
FN:382,(anonymous_10)
FN:414,(anonymous_11)
FN:442,(anonymous_12)
FN:473,(anonymous_13)
FN:488,(anonymous_14)
FN:541,(anonymous_15)
FN:582,(anonymous_16)
FN:592,(anonymous_17)
FN:650,(anonymous_18)
FN:679,(anonymous_19)
FN:700,(anonymous_20)
FNF:21
FNH:0
FNDA:0,(anonymous_0)
FNDA:0,(anonymous_1)
FNDA:0,(anonymous_2)
FNDA:0,(anonymous_3)
FNDA:0,(anonymous_4)
FNDA:0,(anonymous_5)
FNDA:0,(anonymous_6)
FNDA:0,(anonymous_7)
FNDA:0,(anonymous_8)
FNDA:0,(anonymous_9)
FNDA:0,(anonymous_10)
FNDA:0,(anonymous_11)
FNDA:0,(anonymous_12)
FNDA:0,(anonymous_13)
FNDA:0,(anonymous_14)
FNDA:0,(anonymous_15)
FNDA:0,(anonymous_16)
FNDA:0,(anonymous_17)
FNDA:0,(anonymous_18)
FNDA:0,(anonymous_19)
FNDA:0,(anonymous_20)
DA:14,0
DA:29,0
DA:30,0
DA:33,0
DA:112,0
DA:119,0
DA:120,0
DA:121,0
DA:123,0
DA:137,0
DA:138,0
DA:141,0
DA:142,0
DA:145,0
DA:146,0
DA:147,0
DA:148,0
DA:151,0
DA:161,0
DA:162,0
DA:163,0
DA:166,0
DA:171,0
DA:173,0
DA:181,0
DA:188,0
DA:207,0
DA:208,0
DA:209,0
DA:211,0
DA:216,0
DA:218,0
DA:219,0
DA:222,0
DA:224,0
DA:230,0
DA:254,0
DA:256,0
DA:257,0
DA:260,0
DA:261,0
DA:264,0
DA:265,0
DA:268,0
DA:275,0
DA:277,0
DA:282,0
DA:303,0
DA:304,0
DA:305,0
DA:307,0
DA:308,0
DA:312,0
DA:313,0
DA:314,0
DA:315,0
DA:318,0
DA:325,0
DA:326,0
DA:329,0
DA:331,0
DA:337,0
DA:339,0
DA:344,0
DA:366,0
DA:367,0
DA:368,0
DA:370,0
DA:381,0
DA:382,0
DA:384,0
DA:391,0
DA:393,0
DA:399,0
DA:420,0
DA:421,0
DA:423,0
DA:424,0
DA:428,0
DA:429,0
DA:430,0
DA:431,0
DA:434,0
DA:441,0
DA:442,0
DA:444,0
DA:450,0
DA:452,0
DA:457,0
DA:480,0
DA:481,0
DA:482,0
DA:485,0
DA:486,0
DA:488,0
DA:490,0
DA:491,0
DA:492,0
DA:495,0
DA:496,0
DA:497,0
DA:500,0
DA:501,0
DA:502,0
DA:506,0
DA:507,0
DA:509,0
DA:516,0
DA:518,0
DA:524,0
DA:529,0
DA:547,0
DA:548,0
DA:549,0
DA:551,0
DA:556,0
DA:558,0
DA:564,0
DA:569,0
DA:585,0
DA:586,0
DA:589,0
DA:590,0
DA:592,0
DA:593,0
DA:594,0
DA:595,0
DA:597,0
DA:606,0
DA:607,0
DA:608,0
DA:611,0
DA:618,0
DA:624,0
DA:625,0
DA:628,0
DA:631,0
DA:633,0
DA:634,0
DA:657,0
DA:658,0
DA:660,0
DA:661,0
DA:665,0
DA:666,0
DA:667,0
DA:668,0
DA:671,0
DA:678,0
DA:679,0
DA:681,0
DA:687,0
DA:701,0
DA:702,0
DA:703,0
LF:155
LH:0
BRDA:120,0,0,0
BRDA:120,0,1,0
BRDA:121,1,0,0
BRDA:121,1,1,0
BRDA:124,2,0,0
BRDA:124,2,1,0
BRDA:161,3,0,0
BRDA:218,4,0,0
BRDA:264,5,0,0
BRDA:312,6,0,0
BRDA:312,7,0,0
BRDA:312,7,1,0
BRDA:326,8,0,0
BRDA:326,8,1,0
BRDA:364,9,0,0
BRDA:382,10,0,0
BRDA:382,10,1,0
BRDA:428,11,0,0
BRDA:428,12,0,0
BRDA:428,12,1,0
BRDA:442,13,0,0
BRDA:442,13,1,0
BRDA:490,14,0,0
BRDA:500,15,0,0
BRDA:606,16,0,0
BRDA:625,17,0,0
BRDA:625,17,1,0
BRDA:665,18,0,0
BRDA:665,19,0,0
BRDA:665,19,1,0
BRDA:679,20,0,0
BRDA:679,20,1,0
BRF:32
BRH:0
end_of_record
TN:
SF:src/lib/sales-intelligence/shard-calculator.ts
FN:38,getCategoryShard
FN:78,getEmbeddingShard
FN:109,getBrandShard
FN:136,verifyShardDistribution
FN:168,(anonymous_4)
FN:196,buildGSI1PK
FN:214,isValidDate
FN:265,buildGSI1SK
FN:289,buildGSI2PK
FN:305,buildGSI2SK
FN:325,buildGSI3PK
FN:344,buildGSI3SK
FNF:12
FNH:0
FNDA:0,getCategoryShard
FNDA:0,getEmbeddingShard
FNDA:0,getBrandShard
FNDA:0,verifyShardDistribution
FNDA:0,(anonymous_4)
FNDA:0,buildGSI1PK
FNDA:0,isValidDate
FNDA:0,buildGSI1SK
FNDA:0,buildGSI2PK
FNDA:0,buildGSI2SK
FNDA:0,buildGSI3PK
FNDA:0,buildGSI3SK
DA:38,0
DA:39,0
DA:40,0
DA:43,0
DA:44,0
DA:47,0
DA:78,0
DA:79,0
DA:80,0
DA:83,0
DA:86,0
DA:87,0
DA:88,0
DA:89,0
DA:93,0
DA:109,0
DA:111,0
DA:136,0
DA:146,0
DA:149,0
DA:150,0
DA:154,0
DA:155,0
DA:156,0
DA:157,0
DA:159,0
DA:163,0
DA:164,0
DA:168,0
DA:170,0
DA:173,0
DA:175,0
DA:196,0
DA:197,0
DA:198,0
DA:199,0
DA:201,0
DA:214,0
DA:216,0
DA:217,0
DA:220,0
DA:221,0
DA:222,0
DA:223,0
DA:226,0
DA:227,0
DA:231,0
DA:232,0
DA:236,0
DA:237,0
DA:238,0
DA:242,0
DA:243,0
DA:244,0
DA:246,0
DA:265,0
DA:266,0
DA:267,0
DA:272,0
DA:275,0
DA:277,0
DA:289,0
DA:290,0
DA:291,0
DA:293,0
DA:305,0
DA:306,0
DA:307,0
DA:313,0
DA:325,0
DA:326,0
DA:327,0
DA:329,0
DA:344,0
DA:345,0
DA:346,0
DA:351,0
DA:353,0
DA:355,0
LF:79
LH:0
BRDA:39,0,0,0
BRDA:39,1,0,0
BRDA:39,1,1,0
BRDA:79,2,0,0
BRDA:79,3,0,0
BRDA:79,3,1,0
BRDA:156,4,0,0
BRDA:156,5,0,0
BRDA:156,5,1,0
BRDA:197,6,0,0
BRDA:197,7,0,0
BRDA:197,7,1,0
BRDA:198,8,0,0
BRDA:198,9,0,0
BRDA:198,9,1,0
BRDA:199,10,0,0
BRDA:199,11,0,0
BRDA:199,11,1,0
BRDA:216,12,0,0
BRDA:216,13,0,0
BRDA:216,13,1,0
BRDA:226,14,0,0
BRDA:226,15,0,0
BRDA:226,15,1,0
BRDA:231,16,0,0
BRDA:231,17,0,0
BRDA:231,17,1,0
BRDA:237,18,0,0
BRDA:266,19,0,0
BRDA:272,20,0,0
BRDA:290,21,0,0
BRDA:290,22,0,0
BRDA:290,22,1,0
BRDA:291,23,0,0
BRDA:291,24,0,0
BRDA:291,24,1,0
BRDA:306,25,0,0
BRDA:326,26,0,0
BRDA:326,27,0,0
BRDA:326,27,1,0
BRDA:327,28,0,0
BRDA:327,29,0,0
BRDA:327,29,1,0
BRDA:345,30,0,0
BRDA:351,31,0,0
BRF:45
BRH:0
end_of_record
TN:
SF:src/lib/sales-intelligence/vector-search-integration.ts
FN:43,(anonymous_0)
FN:77,(anonymous_1)
FN:137,(anonymous_2)
FN:157,(anonymous_3)
FN:171,(anonymous_4)
FN:171,(anonymous_5)
FN:194,(anonymous_6)
FN:224,(anonymous_7)
FN:299,(anonymous_8)
FN:306,(anonymous_9)
FN:314,createVectorSearchIntegration
FNF:11
FNH:0
FNDA:0,(anonymous_0)
FNDA:0,(anonymous_1)
FNDA:0,(anonymous_2)
FNDA:0,(anonymous_3)
FNDA:0,(anonymous_4)
FNDA:0,(anonymous_5)
FNDA:0,(anonymous_6)
FNDA:0,(anonymous_7)
FNDA:0,(anonymous_8)
FNDA:0,(anonymous_9)
FNDA:0,createVectorSearchIntegration
DA:16,0
DA:17,0
DA:39,0
DA:44,0
DA:53,0
DA:55,0
DA:91,0
DA:93,0
DA:94,0
DA:101,0
DA:103,0
DA:110,0
DA:112,0
DA:118,0
DA:120,0
DA:121,0
DA:145,0
DA:146,0
DA:157,0
DA:159,0
DA:160,0
DA:171,0
DA:174,0
DA:175,0
DA:177,0
DA:178,0
DA:189,0
DA:190,0
DA:191,0
DA:194,0
DA:195,0
DA:196,0
DA:197,0
DA:199,0
DA:208,0
DA:253,0
DA:255,0
DA:256,0
DA:257,0
DA:262,0
DA:264,0
DA:269,0
DA:274,0
DA:279,0
DA:293,0
DA:300,0
DA:307,0
DA:314,0
DA:319,0
LF:49
LH:0
BRDA:53,0,0,0
BRDA:53,0,1,0
BRDA:79,1,0,0
BRDA:88,2,0,0
BRDA:89,3,0,0
BRDA:90,4,0,0
BRDA:145,5,0,0
BRDA:159,6,0,0
BRDA:177,7,0,0
BRDA:323,8,0,0
BRDA:323,8,1,0
BRF:11
BRH:0
end_of_record
TN:
SF:src/lib/sales-intelligence/vector-search.ts
FN:111,(anonymous_0)
FN:171,(anonymous_1)
FN:215,(anonymous_2)
FN:263,(anonymous_3)
FN:295,(anonymous_4)
FN:305,(anonymous_5)
FN:319,(anonymous_6)
FN:341,(anonymous_7)
FN:373,(anonymous_8)
FN:380,(anonymous_9)
FNF:10
FNH:0
FNDA:0,(anonymous_0)
FNDA:0,(anonymous_1)
FNDA:0,(anonymous_2)
FNDA:0,(anonymous_3)
FNDA:0,(anonymous_4)
FNDA:0,(anonymous_5)
FNDA:0,(anonymous_6)
FNDA:0,(anonymous_7)
FNDA:0,(anonymous_8)
FNDA:0,(anonymous_9)
DA:21,0
DA:22,0
DA:24,0
DA:97,0
DA:102,0
DA:130,0
DA:132,0
DA:133,0
DA:136,0
DA:145,0
DA:152,0
DA:179,0
DA:180,0
DA:185,0
DA:187,0
DA:189,0
DA:190,0
DA:195,0
DA:196,0
DA:197,0
DA:199,0
DA:204,0
DA:205,0
DA:209,0
DA:210,0
DA:214,0
DA:215,0
DA:219,0
DA:222,0
DA:223,0
DA:225,0
DA:232,0
DA:233,0
DA:235,0
DA:236,0
DA:238,0
DA:239,0
DA:240,0
DA:243,0
DA:245,0
DA:246,0
DA:253,0
DA:254,0
DA:256,0
DA:262,0
DA:263,0
DA:266,0
DA:267,0
DA:269,0
DA:277,0
DA:279,0
DA:280,0
DA:300,0
DA:301,0
DA:302,0
DA:305,0
DA:306,0
DA:314,0
DA:315,0
DA:318,0
DA:319,0
DA:322,0
DA:324,0
DA:325,0
DA:342,0
DA:343,0
DA:348,0
DA:349,0
DA:350,0
DA:353,0
DA:354,0
DA:355,0
DA:356,0
DA:360,0
DA:361,0
DA:364,0
DA:367,0
DA:374,0
DA:381,0
LF:79
LH:0
BRDA:126,0,0,0
BRDA:133,1,0,0
BRDA:133,1,1,0
BRDA:137,2,0,0
BRDA:137,2,1,0
BRDA:140,3,0,0
BRDA:140,3,1,0
BRDA:146,4,0,0
BRDA:146,4,1,0
BRDA:173,5,0,0
BRDA:179,6,0,0
BRDA:191,7,0,0
BRDA:191,7,1,0
BRDA:204,8,0,0
BRDA:238,9,0,0
BRDA:245,10,0,0
BRDA:298,11,0,0
BRDA:318,12,0,0
BRDA:318,13,0,0
BRDA:318,13,1,0
BRDA:342,14,0,0
BRDA:360,15,0,0
BRDA:360,16,0,0
BRDA:360,16,1,0
BRF:24
BRH:0
end_of_record
TN:
SF:src/lib/security/secret-rotator.ts
FN:27,(anonymous_0)
FN:43,(anonymous_1)
FN:74,(anonymous_2)
FN:118,(anonymous_3)
FN:138,(anonymous_4)
FN:179,(anonymous_5)
FN:251,(anonymous_6)
FNF:7
FNH:0
FNDA:0,(anonymous_0)
FNDA:0,(anonymous_1)
FNDA:0,(anonymous_2)
FNDA:0,(anonymous_3)
FNDA:0,(anonymous_4)
FNDA:0,(anonymous_5)
FNDA:0,(anonymous_6)
DA:1,0
DA:2,0
DA:3,0
DA:22,0
DA:28,0
DA:35,0
DA:36,0
DA:44,0
DA:46,0
DA:48,0
DA:53,0
DA:59,0
DA:61,0
DA:66,0
DA:75,0
DA:77,0
DA:79,0
DA:86,0
DA:94,0
DA:96,0
DA:104,0
DA:110,0
DA:119,0
DA:120,0
DA:122,0
DA:124,0
DA:131,0
DA:139,0
DA:140,0
DA:146,0
DA:156,0
DA:158,0
DA:166,0
DA:171,0
DA:180,0
DA:185,0
DA:188,0
DA:189,0
DA:194,0
DA:195,0
DA:196,0
DA:200,0
DA:207,0
DA:210,0
DA:213,0
DA:216,0
DA:227,0
DA:229,0
DA:236,0
DA:238,0
DA:243,0
DA:252,0
DA:253,0
DA:258,0
DA:260,0
DA:261,0
DA:262,0
DA:265,0
DA:267,0
DA:268,0
DA:272,0
DA:275,0
DA:280,0
LF:63
LH:0
BRDA:29,0,0,0
BRDA:29,0,1,0
BRDA:29,0,2,0
BRDA:32,1,0,0
BRDA:32,1,1,0
BRDA:64,2,0,0
BRDA:64,2,1,0
BRDA:108,3,0,0
BRDA:108,3,1,0
BRDA:110,4,0,0
BRDA:110,4,1,0
BRDA:169,5,0,0
BRDA:169,5,1,0
BRDA:171,6,0,0
BRDA:171,6,1,0
BRDA:194,7,0,0
BRDA:241,8,0,0
BRDA:241,8,1,0
BRDA:243,9,0,0
BRDA:243,9,1,0
BRDA:260,10,0,0
BRDA:262,11,0,0
BRDA:262,11,1,0
BRDA:267,12,0,0
BRDA:278,13,0,0
BRDA:278,13,1,0
BRDA:280,14,0,0
BRDA:280,14,1,0
BRF:28
BRH:0
end_of_record
TN:
SF:src/lib/tenant/cognito-config.ts
FN:32,loadTenantCognitoConfig
FN:120,clearCognitoConfigCache
FNF:2
FNH:0
FNDA:0,loadTenantCognitoConfig
FNDA:0,clearCognitoConfigCache
DA:6,0
DA:9,0
DA:12,0
DA:32,0
DA:36,0
DA:39,0
DA:40,0
DA:41,0
DA:45,0
DA:47,0
DA:49,0
DA:51,0
DA:56,0
DA:58,0
DA:59,0
DA:62,0
DA:65,0
DA:73,0
DA:74,0
DA:84,0
DA:86,0
DA:96,0
DA:97,0
DA:98,0
DA:99,0
DA:105,0
DA:109,0
DA:120,0
DA:121,0
LF:29
LH:0
BRDA:9,0,0,0
BRDA:9,0,1,0
BRDA:34,1,0,0
BRDA:34,2,0,0
BRDA:34,2,1,0
BRDA:39,3,0,0
BRDA:58,4,0,0
BRDA:90,5,0,0
BRDA:90,5,1,0
BRDA:91,6,0,0
BRDA:91,6,1,0
BRDA:96,7,0,0
BRDA:96,8,0,0
BRDA:96,8,1,0
BRDA:100,9,0,0
BRDA:100,9,1,0
BRDA:101,10,0,0
BRDA:101,10,1,0
BRDA:102,11,0,0
BRDA:102,11,1,0
BRDA:103,12,0,0
BRDA:103,12,1,0
BRF:22
BRH:0
end_of_record
TN:
SF:src/lib/tenant/config.ts
FN:14,extractTenantFromEvent
FN:32,getStage
FN:43,getTenantBaseDomain
FN:64,getTenantApiBaseUrl
FN:91,getServiceEndpoint
FN:109,getTenantContext
FNF:6
FNH:0
FNDA:0,extractTenantFromEvent
FNDA:0,getStage
FNDA:0,getTenantBaseDomain
FNDA:0,getTenantApiBaseUrl
FNDA:0,getServiceEndpoint
FNDA:0,getTenantContext
DA:14,0
DA:16,0
DA:17,0
DA:21,0
DA:22,0
DA:26,0
DA:32,0
DA:33,0
DA:34,0
DA:43,0
DA:44,0
DA:49,0
DA:64,0
DA:66,0
DA:67,0
DA:71,0
DA:72,0
DA:76,0
DA:77,0
DA:78,0
DA:81,0
DA:85,0
DA:91,0
DA:92,0
DA:95,0
DA:98,0
DA:99,0
DA:102,0
DA:109,0
DA:114,0
DA:115,0
DA:116,0
DA:118,0
LF:33
LH:0
BRDA:16,0,0,0
BRDA:21,1,0,0
BRDA:26,2,0,0
BRDA:26,2,1,0
BRDA:26,2,2,0
BRDA:33,3,0,0
BRDA:33,3,1,0
BRDA:34,4,0,0
BRDA:34,4,1,0
BRDA:34,5,0,0
BRDA:34,5,1,0
BRDA:49,6,0,0
BRDA:49,6,1,0
BRDA:66,7,0,0
BRDA:66,8,0,0
BRDA:66,8,1,0
BRDA:71,9,0,0
BRDA:76,10,0,0
BRDA:76,10,1,0
BRDA:76,10,2,0
BRDA:81,11,0,0
BRDA:81,11,1,0
BRDA:98,12,0,0
BRF:23
BRH:0
end_of_record
TN:
SF:src/lib/tenant/resolver.ts
FN:25,(anonymous_0)
FN:81,extractTenantFromHost
FN:125,extractTenantFromJWT
FN:162,(anonymous_3)
FN:229,(anonymous_4)
FNF:5
FNH:0
FNDA:0,(anonymous_0)
FNDA:0,extractTenantFromHost
FNDA:0,extractTenantFromJWT
FNDA:0,(anonymous_3)
FNDA:0,(anonymous_4)
DA:2,0
DA:3,0
DA:4,0
DA:6,0
DA:25,0
DA:27,0
DA:28,0
DA:29,0
DA:30,0
DA:31,0
DA:35,0
DA:36,0
DA:37,0
DA:38,0
DA:39,0
DA:40,0
DA:45,0
DA:46,0
DA:47,0
DA:48,0
DA:49,0
DA:50,0
DA:55,0
DA:56,0
DA:57,0
DA:58,0
DA:62,0
DA:63,0
DA:64,0
DA:65,0
DA:69,0
DA:70,0
DA:83,0
DA:86,0
DA:87,0
DA:88,0
DA:89,0
DA:91,0
DA:92,0
DA:97,0
DA:98,0
DA:99,0
DA:100,0
DA:104,0
DA:105,0
DA:106,0
DA:107,0
DA:108,0
DA:109,0
DA:114,0
DA:115,0
DA:118,0
DA:126,0
DA:128,0
DA:131,0
DA:132,0
DA:133,0
DA:137,0
DA:142,0
DA:147,0
DA:148,0
DA:151,0
DA:153,0
DA:154,0
DA:162,0
DA:163,0
DA:164,0
DA:167,0
DA:168,0
DA:169,0
DA:170,0
DA:173,0
DA:183,0
DA:184,0
DA:185,0
DA:187,0
DA:192,0
DA:193,0
DA:194,0
DA:202,0
DA:206,0
DA:207,0
DA:210,0
DA:218,0
DA:222,0
DA:229,0
DA:230,0
DA:232,0
DA:234,0
DA:235,0
DA:239,0
LF:91
LH:0
BRDA:27,0,0,0
BRDA:27,0,1,0
BRDA:28,1,0,0
BRDA:28,1,1,0
BRDA:28,1,2,0
BRDA:29,2,0,0
BRDA:29,3,0,0
BRDA:29,3,1,0
BRDA:29,3,2,0
BRDA:35,4,0,0
BRDA:35,4,1,0
BRDA:35,4,2,0
BRDA:36,5,0,0
BRDA:38,6,0,0
BRDA:45,7,0,0
BRDA:45,7,1,0
BRDA:46,8,0,0
BRDA:48,9,0,0
BRDA:55,10,0,0
BRDA:55,10,1,0
BRDA:56,11,0,0
BRDA:62,12,0,0
BRDA:62,12,1,0
BRDA:63,13,0,0
BRDA:88,14,0,0
BRDA:91,15,0,0
BRDA:99,16,0,0
BRDA:106,17,0,0
BRDA:108,18,0,0
BRDA:114,19,0,0
BRDA:114,20,0,0
BRDA:114,20,1,0
BRDA:132,21,0,0
BRDA:142,22,0,0
BRDA:142,22,1,0
BRDA:142,22,2,0
BRDA:142,22,3,0
BRDA:147,23,0,0
BRDA:147,24,0,0
BRDA:147,24,1,0
BRDA:168,25,0,0
BRDA:192,26,0,0
BRDA:213,27,0,0
BRDA:213,27,1,0
BRDA:232,28,0,0
BRDA:232,28,1,0
BRDA:232,29,0,0
BRDA:232,29,1,0
BRF:48
BRH:0
end_of_record
